Building DAG of jobs...
Using shell: /bin/bash
Provided cores: 1
Rules claiming more threads will be scaled down.
Job counts:
	count	jobs
	1	all
	1	combine_end_segment
	24	organize_one_chrom_end_raw
	25	rid_overlapping_from_raw
	51

[Fri Apr  2 14:25:05 2021]
rule rid_overlapping_from_raw:
    input: temp_raw_end_chr_22.gz
    output: temp_remove_indices_chr_22.gz
    jobid: 4
    wildcards: chrom=22

[Fri Apr  2 14:25:05 2021]
Finished job 4.
1 of 51 steps (2%) done

[Fri Apr  2 14:25:05 2021]
rule organize_one_chrom_end_raw:
    input: ../../../ROADMAP_aligned_reads/chromHMM_model/model_100_state/mm10_segmentations/Mm10_100_raw_segments.bed.gz
    output: temp_raw_end_chr_4.gz
    jobid: 17
    wildcards: chrom=4

[Fri Apr  2 14:25:06 2021]
Finished job 17.
2 of 51 steps (4%) done

[Fri Apr  2 14:25:06 2021]
rule rid_overlapping_from_raw:
    input: temp_raw_end_chr_4.gz
    output: temp_remove_indices_chr_4.gz
    jobid: 39
    wildcards: chrom=4

[Fri Apr  2 14:25:08 2021]
Finished job 39.
3 of 51 steps (6%) done

[Fri Apr  2 14:25:08 2021]
rule organize_one_chrom_end_raw:
    input: ../../../ROADMAP_aligned_reads/chromHMM_model/model_100_state/mm10_segmentations/Mm10_100_raw_segments.bed.gz
    output: temp_raw_end_chr_10.gz
    jobid: 49
    wildcards: chrom=10

[Fri Apr  2 14:25:09 2021]
Finished job 49.
4 of 51 steps (8%) done

[Fri Apr  2 14:25:09 2021]
rule rid_overlapping_from_raw:
    input: temp_raw_end_chr_10.gz
    output: temp_remove_indices_chr_10.gz
    jobid: 45
    wildcards: chrom=10

[Fri Apr  2 14:25:09 2021]
Finished job 45.
5 of 51 steps (10%) done

[Fri Apr  2 14:25:09 2021]
rule organize_one_chrom_end_raw:
    input: ../../../ROADMAP_aligned_reads/chromHMM_model/model_100_state/mm10_segmentations/Mm10_100_raw_segments.bed.gz
    output: temp_raw_end_chr_7.gz
    jobid: 41
    wildcards: chrom=7

[Fri Apr  2 14:25:10 2021]
Finished job 41.
6 of 51 steps (12%) done

[Fri Apr  2 14:25:10 2021]
rule rid_overlapping_from_raw:
    input: temp_raw_end_chr_7.gz
    output: temp_remove_indices_chr_7.gz
    jobid: 27
    wildcards: chrom=7

[Fri Apr  2 14:25:11 2021]
Finished job 27.
7 of 51 steps (14%) done

[Fri Apr  2 14:25:11 2021]
rule organize_one_chrom_end_raw:
    input: ../../../ROADMAP_aligned_reads/chromHMM_model/model_100_state/mm10_segmentations/Mm10_100_raw_segments.bed.gz
    output: temp_raw_end_chr_Y.gz
    jobid: 31
    wildcards: chrom=Y

[Fri Apr  2 14:25:13 2021]
Finished job 31.
8 of 51 steps (16%) done

[Fri Apr  2 14:25:13 2021]
rule rid_overlapping_from_raw:
    input: temp_raw_end_chr_Y.gz
    output: temp_remove_indices_chr_Y.gz
    jobid: 16
    wildcards: chrom=Y

[Fri Apr  2 14:25:13 2021]
Finished job 16.
9 of 51 steps (18%) done

[Fri Apr  2 14:25:13 2021]
rule organize_one_chrom_end_raw:
    input: ../../../ROADMAP_aligned_reads/chromHMM_model/model_100_state/mm10_segmentations/Mm10_100_raw_segments.bed.gz
    output: temp_raw_end_chr_X.gz
    jobid: 2
    wildcards: chrom=X

[Fri Apr  2 14:25:16 2021]
Finished job 2.
10 of 51 steps (20%) done

[Fri Apr  2 14:25:16 2021]
rule rid_overlapping_from_raw:
    input: temp_raw_end_chr_X.gz
    output: temp_remove_indices_chr_X.gz
    jobid: 22
    wildcards: chrom=X

[Fri Apr  2 14:25:16 2021]
Finished job 22.
11 of 51 steps (22%) done

[Fri Apr  2 14:25:16 2021]
rule organize_one_chrom_end_raw:
    input: ../../../ROADMAP_aligned_reads/chromHMM_model/model_100_state/mm10_segmentations/Mm10_100_raw_segments.bed.gz
    output: temp_raw_end_chr_14.gz
    jobid: 35
    wildcards: chrom=14

[Fri Apr  2 14:25:17 2021]
Finished job 35.
12 of 51 steps (24%) done

[Fri Apr  2 14:25:17 2021]
rule rid_overlapping_from_raw:
    input: temp_raw_end_chr_14.gz
    output: temp_remove_indices_chr_14.gz
    jobid: 36
    wildcards: chrom=14

[Fri Apr  2 14:25:17 2021]
Finished job 36.
13 of 51 steps (25%) done

[Fri Apr  2 14:25:17 2021]
rule organize_one_chrom_end_raw:
    input: ../../../ROADMAP_aligned_reads/chromHMM_model/model_100_state/mm10_segmentations/Mm10_100_raw_segments.bed.gz
    output: temp_raw_end_chr_20.gz
    jobid: 19
    wildcards: chrom=20

[Fri Apr  2 14:25:18 2021]
Finished job 19.
14 of 51 steps (27%) done

[Fri Apr  2 14:25:18 2021]
rule rid_overlapping_from_raw:
    input: temp_raw_end_chr_20.gz
    output: temp_remove_indices_chr_20.gz
    jobid: 34
    wildcards: chrom=20

[Fri Apr  2 14:25:18 2021]
Finished job 34.
15 of 51 steps (29%) done

[Fri Apr  2 14:25:18 2021]
rule organize_one_chrom_end_raw:
    input: ../../../ROADMAP_aligned_reads/chromHMM_model/model_100_state/mm10_segmentations/Mm10_100_raw_segments.bed.gz
    output: temp_raw_end_chr_1.gz
    jobid: 5
    wildcards: chrom=1

[Fri Apr  2 14:25:20 2021]
Finished job 5.
16 of 51 steps (31%) done

[Fri Apr  2 14:25:20 2021]
rule rid_overlapping_from_raw:
    input: temp_raw_end_chr_1.gz
    output: temp_remove_indices_chr_1.gz
    jobid: 48
    wildcards: chrom=1

[Fri Apr  2 14:25:21 2021]
Finished job 48.
17 of 51 steps (33%) done

[Fri Apr  2 14:25:21 2021]
rule organize_one_chrom_end_raw:
    input: ../../../ROADMAP_aligned_reads/chromHMM_model/model_100_state/mm10_segmentations/Mm10_100_raw_segments.bed.gz
    output: temp_raw_end_chr_6.gz
    jobid: 14
    wildcards: chrom=6

[Fri Apr  2 14:25:23 2021]
Finished job 14.
18 of 51 steps (35%) done

[Fri Apr  2 14:25:23 2021]
rule rid_overlapping_from_raw:
    input: temp_raw_end_chr_6.gz
    output: temp_remove_indices_chr_6.gz
    jobid: 43
    wildcards: chrom=6

[Fri Apr  2 14:25:23 2021]
Finished job 43.
19 of 51 steps (37%) done

[Fri Apr  2 14:25:23 2021]
rule organize_one_chrom_end_raw:
    input: ../../../ROADMAP_aligned_reads/chromHMM_model/model_100_state/mm10_segmentations/Mm10_100_raw_segments.bed.gz
    output: temp_raw_end_chr_8.gz
    jobid: 47
    wildcards: chrom=8

[Fri Apr  2 14:25:24 2021]
Finished job 47.
20 of 51 steps (39%) done

[Fri Apr  2 14:25:24 2021]
rule rid_overlapping_from_raw:
    input: temp_raw_end_chr_8.gz
    output: temp_remove_indices_chr_8.gz
    jobid: 32
    wildcards: chrom=8

[Fri Apr  2 14:25:24 2021]
Finished job 32.
21 of 51 steps (41%) done

[Fri Apr  2 14:25:24 2021]
rule organize_one_chrom_end_raw:
    input: ../../../ROADMAP_aligned_reads/chromHMM_model/model_100_state/mm10_segmentations/Mm10_100_raw_segments.bed.gz
    output: temp_raw_end_chr_3.gz
    jobid: 33
    wildcards: chrom=3

[Fri Apr  2 14:25:26 2021]
Finished job 33.
22 of 51 steps (43%) done

[Fri Apr  2 14:25:26 2021]
rule rid_overlapping_from_raw:
    input: temp_raw_end_chr_3.gz
    output: temp_remove_indices_chr_3.gz
    jobid: 7
    wildcards: chrom=3

[Fri Apr  2 14:25:26 2021]
Finished job 7.
23 of 51 steps (45%) done

[Fri Apr  2 14:25:26 2021]
rule organize_one_chrom_end_raw:
    input: ../../../ROADMAP_aligned_reads/chromHMM_model/model_100_state/mm10_segmentations/Mm10_100_raw_segments.bed.gz
    output: temp_raw_end_chr_17.gz
    jobid: 15
    wildcards: chrom=17

[Fri Apr  2 14:25:27 2021]
Finished job 15.
24 of 51 steps (47%) done

[Fri Apr  2 14:25:27 2021]
rule rid_overlapping_from_raw:
    input: temp_raw_end_chr_17.gz
    output: temp_remove_indices_chr_17.gz
    jobid: 20
    wildcards: chrom=17

[Fri Apr  2 14:25:29 2021]
Finished job 20.
25 of 51 steps (49%) done

[Fri Apr  2 14:25:29 2021]
rule organize_one_chrom_end_raw:
    input: ../../../ROADMAP_aligned_reads/chromHMM_model/model_100_state/mm10_segmentations/Mm10_100_raw_segments.bed.gz
    output: temp_raw_end_chr_16.gz
    jobid: 13
    wildcards: chrom=16

[Fri Apr  2 14:25:30 2021]
Finished job 13.
26 of 51 steps (51%) done

[Fri Apr  2 14:25:30 2021]
rule rid_overlapping_from_raw:
    input: temp_raw_end_chr_16.gz
    output: temp_remove_indices_chr_16.gz
    jobid: 28
    wildcards: chrom=16

[Fri Apr  2 14:25:30 2021]
Finished job 28.
27 of 51 steps (53%) done

[Fri Apr  2 14:25:30 2021]
rule organize_one_chrom_end_raw:
    input: ../../../ROADMAP_aligned_reads/chromHMM_model/model_100_state/mm10_segmentations/Mm10_100_raw_segments.bed.gz
    output: temp_raw_end_chr_5.gz
    jobid: 30
    wildcards: chrom=5

[Fri Apr  2 14:25:31 2021]
Finished job 30.
28 of 51 steps (55%) done

[Fri Apr  2 14:25:31 2021]
rule rid_overlapping_from_raw:
    input: temp_raw_end_chr_5.gz
    output: temp_remove_indices_chr_5.gz
    jobid: 40
    wildcards: chrom=5

[Fri Apr  2 14:25:31 2021]
Finished job 40.
29 of 51 steps (57%) done

[Fri Apr  2 14:25:31 2021]
rule organize_one_chrom_end_raw:
    input: ../../../ROADMAP_aligned_reads/chromHMM_model/model_100_state/mm10_segmentations/Mm10_100_raw_segments.bed.gz
    output: temp_raw_end_chr_18.gz
    jobid: 18
    wildcards: chrom=18

[Fri Apr  2 14:25:33 2021]
Finished job 18.
30 of 51 steps (59%) done

[Fri Apr  2 14:25:33 2021]
rule rid_overlapping_from_raw:
    input: temp_raw_end_chr_18.gz
    output: temp_remove_indices_chr_18.gz
    jobid: 50
    wildcards: chrom=18

[Fri Apr  2 14:25:33 2021]
Finished job 50.
31 of 51 steps (61%) done

[Fri Apr  2 14:25:33 2021]
rule organize_one_chrom_end_raw:
    input: ../../../ROADMAP_aligned_reads/chromHMM_model/model_100_state/mm10_segmentations/Mm10_100_raw_segments.bed.gz
    output: temp_raw_end_chr_11.gz
    jobid: 11
    wildcards: chrom=11

[Fri Apr  2 14:25:34 2021]
Finished job 11.
32 of 51 steps (63%) done

[Fri Apr  2 14:25:34 2021]
rule rid_overlapping_from_raw:
    input: temp_raw_end_chr_11.gz
    output: temp_remove_indices_chr_11.gz
    jobid: 25
    wildcards: chrom=11

[Fri Apr  2 14:25:34 2021]
Finished job 25.
33 of 51 steps (65%) done

[Fri Apr  2 14:25:34 2021]
rule organize_one_chrom_end_raw:
    input: ../../../ROADMAP_aligned_reads/chromHMM_model/model_100_state/mm10_segmentations/Mm10_100_raw_segments.bed.gz
    output: temp_raw_end_chr_15.gz
    jobid: 38
    wildcards: chrom=15

[Fri Apr  2 14:25:35 2021]
Finished job 38.
34 of 51 steps (67%) done

[Fri Apr  2 14:25:35 2021]
rule rid_overlapping_from_raw:
    input: temp_raw_end_chr_15.gz
    output: temp_remove_indices_chr_15.gz
    jobid: 46
    wildcards: chrom=15

[Fri Apr  2 14:25:35 2021]
Finished job 46.
35 of 51 steps (69%) done

[Fri Apr  2 14:25:35 2021]
rule organize_one_chrom_end_raw:
    input: ../../../ROADMAP_aligned_reads/chromHMM_model/model_100_state/mm10_segmentations/Mm10_100_raw_segments.bed.gz
    output: temp_raw_end_chr_9.gz
    jobid: 42
    wildcards: chrom=9

[Fri Apr  2 14:25:38 2021]
Finished job 42.
36 of 51 steps (71%) done

[Fri Apr  2 14:25:38 2021]
rule rid_overlapping_from_raw:
    input: temp_raw_end_chr_9.gz
    output: temp_remove_indices_chr_9.gz
    jobid: 12
    wildcards: chrom=9

[Fri Apr  2 14:25:38 2021]
Finished job 12.
37 of 51 steps (73%) done

[Fri Apr  2 14:25:38 2021]
rule organize_one_chrom_end_raw:
    input: ../../../ROADMAP_aligned_reads/chromHMM_model/model_100_state/mm10_segmentations/Mm10_100_raw_segments.bed.gz
    output: temp_raw_end_chr_M.gz
    jobid: 3
    wildcards: chrom=M

[Fri Apr  2 14:25:39 2021]
Finished job 3.
38 of 51 steps (75%) done

[Fri Apr  2 14:25:39 2021]
rule rid_overlapping_from_raw:
    input: temp_raw_end_chr_M.gz
    output: temp_remove_indices_chr_M.gz
    jobid: 8
    wildcards: chrom=M

[Fri Apr  2 14:25:39 2021]
Finished job 8.
39 of 51 steps (76%) done

[Fri Apr  2 14:25:39 2021]
rule organize_one_chrom_end_raw:
    input: ../../../ROADMAP_aligned_reads/chromHMM_model/model_100_state/mm10_segmentations/Mm10_100_raw_segments.bed.gz
    output: temp_raw_end_chr_2.gz
    jobid: 29
    wildcards: chrom=2

[Fri Apr  2 14:25:40 2021]
Finished job 29.
40 of 51 steps (78%) done

[Fri Apr  2 14:25:40 2021]
rule rid_overlapping_from_raw:
    input: temp_raw_end_chr_2.gz
    output: temp_remove_indices_chr_2.gz
    jobid: 44
    wildcards: chrom=2

[Fri Apr  2 14:25:41 2021]
Finished job 44.
41 of 51 steps (80%) done

[Fri Apr  2 14:25:41 2021]
rule organize_one_chrom_end_raw:
    input: ../../../ROADMAP_aligned_reads/chromHMM_model/model_100_state/mm10_segmentations/Mm10_100_raw_segments.bed.gz
    output: temp_raw_end_chr_12.gz
    jobid: 6
    wildcards: chrom=12

[Fri Apr  2 14:25:42 2021]
Finished job 6.
42 of 51 steps (82%) done

[Fri Apr  2 14:25:42 2021]
rule rid_overlapping_from_raw:
    input: temp_raw_end_chr_12.gz
    output: temp_remove_indices_chr_12.gz
    jobid: 37
    wildcards: chrom=12

[Fri Apr  2 14:25:43 2021]
Finished job 37.
43 of 51 steps (84%) done

[Fri Apr  2 14:25:43 2021]
rule organize_one_chrom_end_raw:
    input: ../../../ROADMAP_aligned_reads/chromHMM_model/model_100_state/mm10_segmentations/Mm10_100_raw_segments.bed.gz
    output: temp_raw_end_chr_21.gz
    jobid: 51
    wildcards: chrom=21

[Fri Apr  2 14:25:44 2021]
Finished job 51.
44 of 51 steps (86%) done

[Fri Apr  2 14:25:44 2021]
rule rid_overlapping_from_raw:
    input: temp_raw_end_chr_21.gz
    output: temp_remove_indices_chr_21.gz
    jobid: 21
    wildcards: chrom=21

[Fri Apr  2 14:25:44 2021]
Finished job 21.
45 of 51 steps (88%) done

[Fri Apr  2 14:25:44 2021]
rule organize_one_chrom_end_raw:
    input: ../../../ROADMAP_aligned_reads/chromHMM_model/model_100_state/mm10_segmentations/Mm10_100_raw_segments.bed.gz
    output: temp_raw_end_chr_19.gz
    jobid: 26
    wildcards: chrom=19

[Fri Apr  2 14:25:45 2021]
Finished job 26.
46 of 51 steps (90%) done

[Fri Apr  2 14:25:45 2021]
rule rid_overlapping_from_raw:
    input: temp_raw_end_chr_19.gz
    output: temp_remove_indices_chr_19.gz
    jobid: 9
    wildcards: chrom=19

[Fri Apr  2 14:25:46 2021]
Finished job 9.
47 of 51 steps (92%) done

[Fri Apr  2 14:25:46 2021]
rule organize_one_chrom_end_raw:
    input: ../../../ROADMAP_aligned_reads/chromHMM_model/model_100_state/mm10_segmentations/Mm10_100_raw_segments.bed.gz
    output: temp_raw_end_chr_13.gz
    jobid: 24
    wildcards: chrom=13

[Fri Apr  2 14:25:47 2021]
Finished job 24.
48 of 51 steps (94%) done

[Fri Apr  2 14:25:47 2021]
rule rid_overlapping_from_raw:
    input: temp_raw_end_chr_13.gz
    output: temp_remove_indices_chr_13.gz
    jobid: 10
    wildcards: chrom=13

[Fri Apr  2 14:25:47 2021]
Finished job 10.
49 of 51 steps (96%) done

[Fri Apr  2 14:25:47 2021]
rule combine_end_segment:
    input: temp_remove_indices_chr_1.gz, temp_remove_indices_chr_2.gz, temp_remove_indices_chr_3.gz, temp_remove_indices_chr_4.gz, temp_remove_indices_chr_5.gz, temp_remove_indices_chr_6.gz, temp_remove_indices_chr_7.gz, temp_remove_indices_chr_8.gz, temp_remove_indices_chr_9.gz, temp_remove_indices_chr_10.gz, temp_remove_indices_chr_11.gz, temp_remove_indices_chr_12.gz, temp_remove_indices_chr_13.gz, temp_remove_indices_chr_14.gz, temp_remove_indices_chr_15.gz, temp_remove_indices_chr_16.gz, temp_remove_indices_chr_17.gz, temp_remove_indices_chr_18.gz, temp_remove_indices_chr_19.gz, temp_remove_indices_chr_20.gz, temp_remove_indices_chr_21.gz, temp_remove_indices_chr_22.gz, temp_remove_indices_chr_X.gz, temp_remove_indices_chr_Y.gz, temp_remove_indices_chr_M.gz, temp_raw_end_chr_1.gz, temp_raw_end_chr_2.gz, temp_raw_end_chr_3.gz, temp_raw_end_chr_4.gz, temp_raw_end_chr_5.gz, temp_raw_end_chr_6.gz, temp_raw_end_chr_7.gz, temp_raw_end_chr_8.gz, temp_raw_end_chr_9.gz, temp_raw_end_chr_10.gz, temp_raw_end_chr_11.gz, temp_raw_end_chr_12.gz, temp_raw_end_chr_13.gz, temp_raw_end_chr_14.gz, temp_raw_end_chr_15.gz, temp_raw_end_chr_16.gz, temp_raw_end_chr_17.gz, temp_raw_end_chr_18.gz, temp_raw_end_chr_19.gz, temp_raw_end_chr_20.gz, temp_raw_end_chr_21.gz, temp_raw_end_chr_22.gz, temp_raw_end_chr_X.gz, temp_raw_end_chr_Y.gz, temp_raw_end_chr_M.gz
    output: ../../../ROADMAP_aligned_reads/chromHMM_model/model_100_state/mm10_segmentations/Mm10_100_no_overlap_from_hg19.bed.gz
    jobid: 1

RuleException in line 67 of /u/project/ernst/havu73/source/chromHMM_utilities/liftOver/Snakefile:
NameError: The name 'a' is unknown in this context. Please make sure that you defined that variable. Also note that braces not used for variable access have to be escaped by repeating them, i.e. {{print $1}}
