Building DAG of jobs...
Using shell: /bin/bash
Provided cores: 1
Rules claiming more threads will be scaled down.
Job counts:
	count	jobs
	1	all
	1	combine_end_segment
	25	rid_overlapping_from_raw
	27

[Fri Apr  2 09:59:17 2021]
rule rid_overlapping_from_raw:
    input: temp_raw_end_chr_2.gz
    output: temp_end_chr2
    jobid: 16
    wildcards: chrom=2

Removing temporary output file temp_raw_end_chr_2.gz.
[Fri Apr  2 09:59:18 2021]
Finished job 16.
1 of 27 steps (4%) done

[Fri Apr  2 09:59:18 2021]
rule rid_overlapping_from_raw:
    input: temp_raw_end_chr_1.gz
    output: temp_end_chr1
    jobid: 17
    wildcards: chrom=1

Removing temporary output file temp_raw_end_chr_1.gz.
[Fri Apr  2 09:59:18 2021]
Finished job 17.
2 of 27 steps (7%) done

[Fri Apr  2 09:59:18 2021]
rule rid_overlapping_from_raw:
    input: temp_raw_end_chr_3.gz
    output: temp_end_chr3
    jobid: 23
    wildcards: chrom=3

Removing temporary output file temp_raw_end_chr_3.gz.
[Fri Apr  2 09:59:19 2021]
Finished job 23.
3 of 27 steps (11%) done

[Fri Apr  2 09:59:19 2021]
rule rid_overlapping_from_raw:
    input: temp_raw_end_chr_4.gz
    output: temp_end_chr4
    jobid: 3
    wildcards: chrom=4

Removing temporary output file temp_raw_end_chr_4.gz.
[Fri Apr  2 09:59:19 2021]
Finished job 3.
4 of 27 steps (15%) done

[Fri Apr  2 09:59:19 2021]
rule rid_overlapping_from_raw:
    input: temp_raw_end_chr_6.gz
    output: temp_end_chr6
    jobid: 18
    wildcards: chrom=6

Removing temporary output file temp_raw_end_chr_6.gz.
[Fri Apr  2 09:59:19 2021]
Finished job 18.
5 of 27 steps (19%) done

[Fri Apr  2 09:59:19 2021]
rule rid_overlapping_from_raw:
    input: temp_raw_end_chr_5.gz
    output: temp_end_chr5
    jobid: 8
    wildcards: chrom=5

Removing temporary output file temp_raw_end_chr_5.gz.
[Fri Apr  2 09:59:20 2021]
Finished job 8.
6 of 27 steps (22%) done

[Fri Apr  2 09:59:20 2021]
rule rid_overlapping_from_raw:
    input: temp_raw_end_chr_11.gz
    output: temp_end_chr11
    jobid: 25
    wildcards: chrom=11

Removing temporary output file temp_raw_end_chr_11.gz.
[Fri Apr  2 09:59:20 2021]
Finished job 25.
7 of 27 steps (26%) done

[Fri Apr  2 09:59:20 2021]
rule rid_overlapping_from_raw:
    input: temp_raw_end_chr_9.gz
    output: temp_end_chr9
    jobid: 6
    wildcards: chrom=9

Removing temporary output file temp_raw_end_chr_9.gz.
[Fri Apr  2 09:59:20 2021]
Finished job 6.
8 of 27 steps (30%) done

[Fri Apr  2 09:59:20 2021]
rule rid_overlapping_from_raw:
    input: temp_raw_end_chr_X.gz
    output: temp_end_chrX
    jobid: 15
    wildcards: chrom=X

Removing temporary output file temp_raw_end_chr_X.gz.
[Fri Apr  2 09:59:20 2021]
Finished job 15.
9 of 27 steps (33%) done

[Fri Apr  2 09:59:20 2021]
rule rid_overlapping_from_raw:
    input: temp_raw_end_chr_10.gz
    output: temp_end_chr10
    jobid: 14
    wildcards: chrom=10

Removing temporary output file temp_raw_end_chr_10.gz.
[Fri Apr  2 09:59:21 2021]
Finished job 14.
10 of 27 steps (37%) done

[Fri Apr  2 09:59:21 2021]
rule rid_overlapping_from_raw:
    input: temp_raw_end_chr_8.gz
    output: temp_end_chr8
    jobid: 21
    wildcards: chrom=8

Removing temporary output file temp_raw_end_chr_8.gz.
[Fri Apr  2 09:59:21 2021]
Finished job 21.
11 of 27 steps (41%) done

[Fri Apr  2 09:59:21 2021]
rule rid_overlapping_from_raw:
    input: temp_raw_end_chr_14.gz
    output: temp_end_chr14
    jobid: 5
    wildcards: chrom=14

Removing temporary output file temp_raw_end_chr_14.gz.
[Fri Apr  2 09:59:22 2021]
Finished job 5.
12 of 27 steps (44%) done

[Fri Apr  2 09:59:22 2021]
rule rid_overlapping_from_raw:
    input: temp_raw_end_chr_7.gz
    output: temp_end_chr7
    jobid: 24
    wildcards: chrom=7

Removing temporary output file temp_raw_end_chr_7.gz.
[Fri Apr  2 09:59:22 2021]
Finished job 24.
13 of 27 steps (48%) done

[Fri Apr  2 09:59:22 2021]
rule rid_overlapping_from_raw:
    input: temp_raw_end_chr_12.gz
    output: temp_end_chr12
    jobid: 9
    wildcards: chrom=12

Removing temporary output file temp_raw_end_chr_12.gz.
[Fri Apr  2 09:59:23 2021]
Finished job 9.
14 of 27 steps (52%) done

[Fri Apr  2 09:59:23 2021]
rule rid_overlapping_from_raw:
    input: temp_raw_end_chr_13.gz
    output: temp_end_chr13
    jobid: 13
    wildcards: chrom=13

Removing temporary output file temp_raw_end_chr_13.gz.
[Fri Apr  2 09:59:23 2021]
Finished job 13.
15 of 27 steps (56%) done

[Fri Apr  2 09:59:23 2021]
rule rid_overlapping_from_raw:
    input: temp_raw_end_chr_16.gz
    output: temp_end_chr16
    jobid: 7
    wildcards: chrom=16

Removing temporary output file temp_raw_end_chr_16.gz.
[Fri Apr  2 09:59:23 2021]
Finished job 7.
16 of 27 steps (59%) done

[Fri Apr  2 09:59:23 2021]
rule rid_overlapping_from_raw:
    input: temp_raw_end_chr_15.gz
    output: temp_end_chr15
    jobid: 20
    wildcards: chrom=15

Removing temporary output file temp_raw_end_chr_15.gz.
[Fri Apr  2 09:59:24 2021]
Finished job 20.
17 of 27 steps (63%) done

[Fri Apr  2 09:59:24 2021]
rule rid_overlapping_from_raw:
    input: temp_raw_end_chr_18.gz
    output: temp_end_chr18
    jobid: 26
    wildcards: chrom=18

Removing temporary output file temp_raw_end_chr_18.gz.
[Fri Apr  2 09:59:24 2021]
Finished job 26.
18 of 27 steps (67%) done

[Fri Apr  2 09:59:24 2021]
rule rid_overlapping_from_raw:
    input: temp_raw_end_chr_17.gz
    output: temp_end_chr17
    jobid: 12
    wildcards: chrom=17

Removing temporary output file temp_raw_end_chr_17.gz.
[Fri Apr  2 09:59:24 2021]
Finished job 12.
19 of 27 steps (70%) done

[Fri Apr  2 09:59:24 2021]
rule rid_overlapping_from_raw:
    input: temp_raw_end_chr_19.gz
    output: temp_end_chr19
    jobid: 22
    wildcards: chrom=19

Removing temporary output file temp_raw_end_chr_19.gz.
[Fri Apr  2 09:59:24 2021]
Finished job 22.
20 of 27 steps (74%) done

[Fri Apr  2 09:59:24 2021]
rule rid_overlapping_from_raw:
    input: temp_raw_end_chr_M.gz
    output: temp_end_chrM
    jobid: 2
    wildcards: chrom=M

Removing temporary output file temp_raw_end_chr_M.gz.
[Fri Apr  2 09:59:25 2021]
Finished job 2.
21 of 27 steps (78%) done

[Fri Apr  2 09:59:25 2021]
rule rid_overlapping_from_raw:
    input: temp_raw_end_chr_Y.gz
    output: temp_end_chrY
    jobid: 4
    wildcards: chrom=Y

Removing temporary output file temp_raw_end_chr_Y.gz.
[Fri Apr  2 09:59:26 2021]
Finished job 4.
22 of 27 steps (81%) done

[Fri Apr  2 09:59:26 2021]
rule rid_overlapping_from_raw:
    input: temp_raw_end_chr_21.gz
    output: temp_end_chr21
    jobid: 11
    wildcards: chrom=21

[Fri Apr  2 09:59:26 2021]
Error in rule rid_overlapping_from_raw:
    jobid: 11
    output: temp_end_chr21

RuleException:
CalledProcessError in line 63 of /u/project/ernst/havu73/source/chromHMM_utilities/liftOver/Snakefile:
Command ' set -euo pipefail;  
		pypy find_overlapping_segments_from_liftOver_one_chrom.py temp_raw_end_chr_21.gz temp_end_chr21 ' returned non-zero exit status 1.
  File "/u/project/ernst/havu73/source/chromHMM_utilities/liftOver/Snakefile", line 63, in __rule_rid_overlapping_from_raw
  File "/u/home/h/havu73/project-ernst/anaconda/envs/zane_env/lib/python3.6/concurrent/futures/thread.py", line 56, in run
Removing output files of failed job rid_overlapping_from_raw since they might be corrupted:
temp_end_chr21
Shutting down, this might take some time.
Exiting because a job execution failed. Look above for error message
Complete log: /u/project/ernst/havu73/source/chromHMM_utilities/liftOver/.snakemake/log/2021-04-02T095917.129974.snakemake.log
