Building DAG of jobs...
Using shell: /bin/bash
Provided cores: 1
Rules claiming more threads will be scaled down.
Job counts:
	count	jobs
	1	all
	1	combine_end_segment
	24	organize_one_chrom_end_raw
	25	rid_overlapping_from_raw
	51

[Fri Apr  2 14:43:04 2021]
rule rid_overlapping_from_raw:
    input: temp_raw_end_chr_X
    output: temp_remove_indices_chr_X
    jobid: 41
    wildcards: chrom=X

[Fri Apr  2 14:43:05 2021]
Finished job 41.
1 of 51 steps (2%) done

[Fri Apr  2 14:43:05 2021]
rule organize_one_chrom_end_raw:
    input: ../../../ROADMAP_aligned_reads/chromHMM_model/model_100_state/mm10_segmentations/Mm10_100_raw_segments.bed.gz
    output: temp_raw_end_chr_15
    jobid: 3
    wildcards: chrom=15

[Fri Apr  2 14:43:05 2021]
Finished job 3.
2 of 51 steps (4%) done

[Fri Apr  2 14:43:05 2021]
rule rid_overlapping_from_raw:
    input: temp_raw_end_chr_15
    output: temp_remove_indices_chr_15
    jobid: 18
    wildcards: chrom=15

[Fri Apr  2 14:43:05 2021]
Finished job 18.
3 of 51 steps (6%) done

[Fri Apr  2 14:43:05 2021]
rule organize_one_chrom_end_raw:
    input: ../../../ROADMAP_aligned_reads/chromHMM_model/model_100_state/mm10_segmentations/Mm10_100_raw_segments.bed.gz
    output: temp_raw_end_chr_11
    jobid: 51
    wildcards: chrom=11

[Fri Apr  2 14:43:06 2021]
Finished job 51.
4 of 51 steps (8%) done

[Fri Apr  2 14:43:06 2021]
rule rid_overlapping_from_raw:
    input: temp_raw_end_chr_11
    output: temp_remove_indices_chr_11
    jobid: 21
    wildcards: chrom=11

[Fri Apr  2 14:43:06 2021]
Finished job 21.
5 of 51 steps (10%) done

[Fri Apr  2 14:43:06 2021]
rule organize_one_chrom_end_raw:
    input: ../../../ROADMAP_aligned_reads/chromHMM_model/model_100_state/mm10_segmentations/Mm10_100_raw_segments.bed.gz
    output: temp_raw_end_chr_21
    jobid: 38
    wildcards: chrom=21

[Fri Apr  2 14:43:07 2021]
Finished job 38.
6 of 51 steps (12%) done

[Fri Apr  2 14:43:07 2021]
rule organize_one_chrom_end_raw:
    input: ../../../ROADMAP_aligned_reads/chromHMM_model/model_100_state/mm10_segmentations/Mm10_100_raw_segments.bed.gz
    output: temp_raw_end_chr_7
    jobid: 43
    wildcards: chrom=7

[Fri Apr  2 14:43:08 2021]
Finished job 43.
7 of 51 steps (14%) done

[Fri Apr  2 14:43:08 2021]
rule rid_overlapping_from_raw:
    input: temp_raw_end_chr_7
    output: temp_remove_indices_chr_7
    jobid: 40
    wildcards: chrom=7

[Fri Apr  2 14:43:08 2021]
Finished job 40.
8 of 51 steps (16%) done

[Fri Apr  2 14:43:08 2021]
rule organize_one_chrom_end_raw:
    input: ../../../ROADMAP_aligned_reads/chromHMM_model/model_100_state/mm10_segmentations/Mm10_100_raw_segments.bed.gz
    output: temp_raw_end_chr_22
    jobid: 14
    wildcards: chrom=22

[Fri Apr  2 14:43:09 2021]
Finished job 14.
9 of 51 steps (18%) done

[Fri Apr  2 14:43:09 2021]
rule organize_one_chrom_end_raw:
    input: ../../../ROADMAP_aligned_reads/chromHMM_model/model_100_state/mm10_segmentations/Mm10_100_raw_segments.bed.gz
    output: temp_raw_end_chr_9
    jobid: 11
    wildcards: chrom=9

[Fri Apr  2 14:43:10 2021]
Finished job 11.
10 of 51 steps (20%) done

[Fri Apr  2 14:43:10 2021]
rule rid_overlapping_from_raw:
    input: temp_raw_end_chr_9
    output: temp_remove_indices_chr_9
    jobid: 13
    wildcards: chrom=9

[Fri Apr  2 14:43:10 2021]
Finished job 13.
11 of 51 steps (22%) done

[Fri Apr  2 14:43:10 2021]
rule organize_one_chrom_end_raw:
    input: ../../../ROADMAP_aligned_reads/chromHMM_model/model_100_state/mm10_segmentations/Mm10_100_raw_segments.bed.gz
    output: temp_raw_end_chr_17
    jobid: 50
    wildcards: chrom=17

[Fri Apr  2 14:43:11 2021]
Finished job 50.
12 of 51 steps (24%) done

[Fri Apr  2 14:43:11 2021]
rule rid_overlapping_from_raw:
    input: temp_raw_end_chr_17
    output: temp_remove_indices_chr_17
    jobid: 30
    wildcards: chrom=17

[Fri Apr  2 14:43:11 2021]
Finished job 30.
13 of 51 steps (25%) done

[Fri Apr  2 14:43:11 2021]
rule organize_one_chrom_end_raw:
    input: ../../../ROADMAP_aligned_reads/chromHMM_model/model_100_state/mm10_segmentations/Mm10_100_raw_segments.bed.gz
    output: temp_raw_end_chr_2
    jobid: 37
    wildcards: chrom=2

[Fri Apr  2 14:43:12 2021]
Finished job 37.
14 of 51 steps (27%) done

[Fri Apr  2 14:43:12 2021]
rule rid_overlapping_from_raw:
    input: temp_raw_end_chr_2
    output: temp_remove_indices_chr_2
    jobid: 36
    wildcards: chrom=2

[Fri Apr  2 14:43:12 2021]
Finished job 36.
15 of 51 steps (29%) done

[Fri Apr  2 14:43:12 2021]
rule organize_one_chrom_end_raw:
    input: ../../../ROADMAP_aligned_reads/chromHMM_model/model_100_state/mm10_segmentations/Mm10_100_raw_segments.bed.gz
    output: temp_raw_end_chr_8
    jobid: 33
    wildcards: chrom=8

[Fri Apr  2 14:43:13 2021]
Finished job 33.
16 of 51 steps (31%) done

[Fri Apr  2 14:43:13 2021]
rule rid_overlapping_from_raw:
    input: temp_raw_end_chr_8
    output: temp_remove_indices_chr_8
    jobid: 15
    wildcards: chrom=8

[Fri Apr  2 14:43:13 2021]
Finished job 15.
17 of 51 steps (33%) done

[Fri Apr  2 14:43:13 2021]
rule organize_one_chrom_end_raw:
    input: ../../../ROADMAP_aligned_reads/chromHMM_model/model_100_state/mm10_segmentations/Mm10_100_raw_segments.bed.gz
    output: temp_raw_end_chr_5
    jobid: 45
    wildcards: chrom=5

[Fri Apr  2 14:43:14 2021]
Finished job 45.
18 of 51 steps (35%) done

[Fri Apr  2 14:43:14 2021]
rule rid_overlapping_from_raw:
    input: temp_raw_end_chr_5
    output: temp_remove_indices_chr_5
    jobid: 10
    wildcards: chrom=5

[Fri Apr  2 14:43:14 2021]
Finished job 10.
19 of 51 steps (37%) done

[Fri Apr  2 14:43:14 2021]
rule organize_one_chrom_end_raw:
    input: ../../../ROADMAP_aligned_reads/chromHMM_model/model_100_state/mm10_segmentations/Mm10_100_raw_segments.bed.gz
    output: temp_raw_end_chr_3
    jobid: 35
    wildcards: chrom=3

[Fri Apr  2 14:43:15 2021]
Finished job 35.
20 of 51 steps (39%) done

[Fri Apr  2 14:43:15 2021]
rule rid_overlapping_from_raw:
    input: temp_raw_end_chr_3
    output: temp_remove_indices_chr_3
    jobid: 9
    wildcards: chrom=3

[Fri Apr  2 14:43:15 2021]
Finished job 9.
21 of 51 steps (41%) done

[Fri Apr  2 14:43:15 2021]
rule organize_one_chrom_end_raw:
    input: ../../../ROADMAP_aligned_reads/chromHMM_model/model_100_state/mm10_segmentations/Mm10_100_raw_segments.bed.gz
    output: temp_raw_end_chr_19
    jobid: 22
    wildcards: chrom=19

[Fri Apr  2 14:43:16 2021]
Finished job 22.
22 of 51 steps (43%) done

[Fri Apr  2 14:43:16 2021]
rule rid_overlapping_from_raw:
    input: temp_raw_end_chr_19
    output: temp_remove_indices_chr_19
    jobid: 29
    wildcards: chrom=19

[Fri Apr  2 14:43:16 2021]
Finished job 29.
23 of 51 steps (45%) done

[Fri Apr  2 14:43:16 2021]
rule organize_one_chrom_end_raw:
    input: ../../../ROADMAP_aligned_reads/chromHMM_model/model_100_state/mm10_segmentations/Mm10_100_raw_segments.bed.gz
    output: temp_raw_end_chr_13
    jobid: 16
    wildcards: chrom=13

[Fri Apr  2 14:43:17 2021]
Finished job 16.
24 of 51 steps (47%) done

[Fri Apr  2 14:43:17 2021]
rule rid_overlapping_from_raw:
    input: temp_raw_end_chr_13
    output: temp_remove_indices_chr_13
    jobid: 23
    wildcards: chrom=13

[Fri Apr  2 14:43:17 2021]
Finished job 23.
25 of 51 steps (49%) done

[Fri Apr  2 14:43:17 2021]
rule organize_one_chrom_end_raw:
    input: ../../../ROADMAP_aligned_reads/chromHMM_model/model_100_state/mm10_segmentations/Mm10_100_raw_segments.bed.gz
    output: temp_raw_end_chr_20
    jobid: 6
    wildcards: chrom=20

[Fri Apr  2 14:43:18 2021]
Finished job 6.
26 of 51 steps (51%) done

[Fri Apr  2 14:43:18 2021]
rule organize_one_chrom_end_raw:
    input: ../../../ROADMAP_aligned_reads/chromHMM_model/model_100_state/mm10_segmentations/Mm10_100_raw_segments.bed.gz
    output: temp_raw_end_chr_M
    jobid: 12
    wildcards: chrom=M

[Fri Apr  2 14:43:18 2021]
Finished job 12.
27 of 51 steps (53%) done

[Fri Apr  2 14:43:18 2021]
rule rid_overlapping_from_raw:
    input: temp_raw_end_chr_M
    output: temp_remove_indices_chr_M
    jobid: 48
    wildcards: chrom=M

[Fri Apr  2 14:43:19 2021]
Finished job 48.
28 of 51 steps (55%) done

[Fri Apr  2 14:43:19 2021]
rule organize_one_chrom_end_raw:
    input: ../../../ROADMAP_aligned_reads/chromHMM_model/model_100_state/mm10_segmentations/Mm10_100_raw_segments.bed.gz
    output: temp_raw_end_chr_12
    jobid: 24
    wildcards: chrom=12

[Fri Apr  2 14:43:20 2021]
Finished job 24.
29 of 51 steps (57%) done

[Fri Apr  2 14:43:20 2021]
rule rid_overlapping_from_raw:
    input: temp_raw_end_chr_12
    output: temp_remove_indices_chr_12
    jobid: 32
    wildcards: chrom=12

[Fri Apr  2 14:43:20 2021]
Finished job 32.
30 of 51 steps (59%) done

[Fri Apr  2 14:43:20 2021]
rule organize_one_chrom_end_raw:
    input: ../../../ROADMAP_aligned_reads/chromHMM_model/model_100_state/mm10_segmentations/Mm10_100_raw_segments.bed.gz
    output: temp_raw_end_chr_1
    jobid: 20
    wildcards: chrom=1

[Fri Apr  2 14:43:21 2021]
Finished job 20.
31 of 51 steps (61%) done

[Fri Apr  2 14:43:21 2021]
rule rid_overlapping_from_raw:
    input: temp_raw_end_chr_1
    output: temp_remove_indices_chr_1
    jobid: 17
    wildcards: chrom=1

[Fri Apr  2 14:43:21 2021]
Finished job 17.
32 of 51 steps (63%) done

[Fri Apr  2 14:43:21 2021]
rule organize_one_chrom_end_raw:
    input: ../../../ROADMAP_aligned_reads/chromHMM_model/model_100_state/mm10_segmentations/Mm10_100_raw_segments.bed.gz
    output: temp_raw_end_chr_4
    jobid: 27
    wildcards: chrom=4

[Fri Apr  2 14:43:22 2021]
Finished job 27.
33 of 51 steps (65%) done

[Fri Apr  2 14:43:22 2021]
rule rid_overlapping_from_raw:
    input: temp_raw_end_chr_4
    output: temp_remove_indices_chr_4
    jobid: 39
    wildcards: chrom=4

[Fri Apr  2 14:43:22 2021]
Finished job 39.
34 of 51 steps (67%) done

[Fri Apr  2 14:43:22 2021]
rule organize_one_chrom_end_raw:
    input: ../../../ROADMAP_aligned_reads/chromHMM_model/model_100_state/mm10_segmentations/Mm10_100_raw_segments.bed.gz
    output: temp_raw_end_chr_18
    jobid: 7
    wildcards: chrom=18

[Fri Apr  2 14:43:23 2021]
Finished job 7.
35 of 51 steps (69%) done

[Fri Apr  2 14:43:23 2021]
rule rid_overlapping_from_raw:
    input: temp_raw_end_chr_18
    output: temp_remove_indices_chr_18
    jobid: 8
    wildcards: chrom=18

[Fri Apr  2 14:43:23 2021]
Finished job 8.
36 of 51 steps (71%) done

[Fri Apr  2 14:43:23 2021]
rule organize_one_chrom_end_raw:
    input: ../../../ROADMAP_aligned_reads/chromHMM_model/model_100_state/mm10_segmentations/Mm10_100_raw_segments.bed.gz
    output: temp_raw_end_chr_16
    jobid: 19
    wildcards: chrom=16

[Fri Apr  2 14:43:24 2021]
Finished job 19.
37 of 51 steps (73%) done

[Fri Apr  2 14:43:24 2021]
rule rid_overlapping_from_raw:
    input: temp_raw_end_chr_16
    output: temp_remove_indices_chr_16
    jobid: 46
    wildcards: chrom=16

[Fri Apr  2 14:43:24 2021]
Finished job 46.
38 of 51 steps (75%) done

[Fri Apr  2 14:43:24 2021]
rule organize_one_chrom_end_raw:
    input: ../../../ROADMAP_aligned_reads/chromHMM_model/model_100_state/mm10_segmentations/Mm10_100_raw_segments.bed.gz
    output: temp_raw_end_chr_Y
    jobid: 4
    wildcards: chrom=Y

[Fri Apr  2 14:43:25 2021]
Finished job 4.
39 of 51 steps (76%) done

[Fri Apr  2 14:43:25 2021]
rule rid_overlapping_from_raw:
    input: temp_raw_end_chr_Y
    output: temp_remove_indices_chr_Y
    jobid: 47
    wildcards: chrom=Y

[Fri Apr  2 14:43:25 2021]
Finished job 47.
40 of 51 steps (78%) done

[Fri Apr  2 14:43:25 2021]
rule organize_one_chrom_end_raw:
    input: ../../../ROADMAP_aligned_reads/chromHMM_model/model_100_state/mm10_segmentations/Mm10_100_raw_segments.bed.gz
    output: temp_raw_end_chr_6
    jobid: 34
    wildcards: chrom=6

[Fri Apr  2 14:43:26 2021]
Finished job 34.
41 of 51 steps (80%) done

[Fri Apr  2 14:43:26 2021]
rule rid_overlapping_from_raw:
    input: temp_raw_end_chr_6
    output: temp_remove_indices_chr_6
    jobid: 2
    wildcards: chrom=6

[Fri Apr  2 14:43:26 2021]
Finished job 2.
42 of 51 steps (82%) done

[Fri Apr  2 14:43:26 2021]
rule organize_one_chrom_end_raw:
    input: ../../../ROADMAP_aligned_reads/chromHMM_model/model_100_state/mm10_segmentations/Mm10_100_raw_segments.bed.gz
    output: temp_raw_end_chr_14
    jobid: 28
    wildcards: chrom=14

[Fri Apr  2 14:43:27 2021]
Finished job 28.
43 of 51 steps (84%) done

[Fri Apr  2 14:43:27 2021]
rule rid_overlapping_from_raw:
    input: temp_raw_end_chr_14
    output: temp_remove_indices_chr_14
    jobid: 26
    wildcards: chrom=14

[Fri Apr  2 14:43:27 2021]
Finished job 26.
44 of 51 steps (86%) done

[Fri Apr  2 14:43:27 2021]
rule organize_one_chrom_end_raw:
    input: ../../../ROADMAP_aligned_reads/chromHMM_model/model_100_state/mm10_segmentations/Mm10_100_raw_segments.bed.gz
    output: temp_raw_end_chr_10
    jobid: 42
    wildcards: chrom=10

[Fri Apr  2 14:43:28 2021]
Finished job 42.
45 of 51 steps (88%) done

[Fri Apr  2 14:43:28 2021]
rule rid_overlapping_from_raw:
    input: temp_raw_end_chr_10
    output: temp_remove_indices_chr_10
    jobid: 49
    wildcards: chrom=10

[Fri Apr  2 14:43:28 2021]
Finished job 49.
46 of 51 steps (90%) done

[Fri Apr  2 14:43:28 2021]
rule rid_overlapping_from_raw:
    input: temp_raw_end_chr_20
    output: temp_remove_indices_chr_20
    jobid: 44
    wildcards: chrom=20

[Fri Apr  2 14:43:28 2021]
Finished job 44.
47 of 51 steps (92%) done

[Fri Apr  2 14:43:28 2021]
rule rid_overlapping_from_raw:
    input: temp_raw_end_chr_21
    output: temp_remove_indices_chr_21
    jobid: 31
    wildcards: chrom=21

[Fri Apr  2 14:43:28 2021]
Finished job 31.
48 of 51 steps (94%) done

[Fri Apr  2 14:43:28 2021]
rule rid_overlapping_from_raw:
    input: temp_raw_end_chr_22
    output: temp_remove_indices_chr_22
    jobid: 5
    wildcards: chrom=22

[Fri Apr  2 14:43:28 2021]
Finished job 5.
49 of 51 steps (96%) done

[Fri Apr  2 14:43:28 2021]
rule combine_end_segment:
    input: temp_remove_indices_chr_1, temp_remove_indices_chr_2, temp_remove_indices_chr_3, temp_remove_indices_chr_4, temp_remove_indices_chr_5, temp_remove_indices_chr_6, temp_remove_indices_chr_7, temp_remove_indices_chr_8, temp_remove_indices_chr_9, temp_remove_indices_chr_10, temp_remove_indices_chr_11, temp_remove_indices_chr_12, temp_remove_indices_chr_13, temp_remove_indices_chr_14, temp_remove_indices_chr_15, temp_remove_indices_chr_16, temp_remove_indices_chr_17, temp_remove_indices_chr_18, temp_remove_indices_chr_19, temp_remove_indices_chr_20, temp_remove_indices_chr_21, temp_remove_indices_chr_22, temp_remove_indices_chr_X, temp_remove_indices_chr_Y, temp_remove_indices_chr_M, temp_raw_end_chr_1, temp_raw_end_chr_2, temp_raw_end_chr_3, temp_raw_end_chr_4, temp_raw_end_chr_5, temp_raw_end_chr_6, temp_raw_end_chr_7, temp_raw_end_chr_8, temp_raw_end_chr_9, temp_raw_end_chr_10, temp_raw_end_chr_11, temp_raw_end_chr_12, temp_raw_end_chr_13, temp_raw_end_chr_14, temp_raw_end_chr_15, temp_raw_end_chr_16, temp_raw_end_chr_17, temp_raw_end_chr_18, temp_raw_end_chr_19, temp_raw_end_chr_20, temp_raw_end_chr_21, temp_raw_end_chr_22, temp_raw_end_chr_X, temp_raw_end_chr_Y, temp_raw_end_chr_M
    output: ../../../ROADMAP_aligned_reads/chromHMM_model/model_100_state/mm10_segmentations/Mm10_100_no_overlap_from_hg19.bed.gz
    jobid: 1

[Fri Apr  2 14:43:28 2021]
Error in rule combine_end_segment:
    jobid: 1
    output: ../../../ROADMAP_aligned_reads/chromHMM_model/model_100_state/mm10_segmentations/Mm10_100_no_overlap_from_hg19.bed.gz

RuleException:
CalledProcessError in line 75 of /u/project/ernst/havu73/source/chromHMM_utilities/liftOver/Snakefile:
Command ' set -euo pipefail;  
		rm -f ../../../ROADMAP_aligned_reads/chromHMM_model/model_100_state/mm10_segmentations/Mm10_100_no_overlap_from_hg19.bed
		for chrom in 1 2 3 4 5 6 7 8 9 10 11 12 13 14 15 16 17 18 19 20 21 22 X Y M
		do
			raw_fn=temp_raw_end_chr_${chrom}.gz
			remove_fn=temp_remove_indices_chr_${chrom}.gz
			awk 'NR == FNR {a[$0]; next} {if (! (FNR in a)) {print}}' ${remove_fn} ${raw_fn} >> ../../../ROADMAP_aligned_reads/chromHMM_model/model_100_state/mm10_segmentations/Mm10_100_no_overlap_from_hg19.bed # write out lines in the raw_fn that are not in the list of indices in the remove_fn
		done
		gzip -f ../../../ROADMAP_aligned_reads/chromHMM_model/model_100_state/mm10_segmentations/Mm10_100_no_overlap_from_hg19.bed ' returned non-zero exit status 2.
  File "/u/project/ernst/havu73/source/chromHMM_utilities/liftOver/Snakefile", line 75, in __rule_combine_end_segment
  File "/u/home/h/havu73/project-ernst/anaconda/envs/zane_env/lib/python3.6/concurrent/futures/thread.py", line 56, in run
Shutting down, this might take some time.
Exiting because a job execution failed. Look above for error message
Complete log: /u/project/ernst/havu73/source/chromHMM_utilities/liftOver/.snakemake/log/2021-04-02T144304.815962.snakemake.log
