Building DAG of jobs...
Using shell: /bin/bash
Provided cores: 1
Rules claiming more threads will be scaled down.
Job counts:
	count	jobs
	1	all
	1	combine_end_segment
	2

[Fri Apr  2 14:44:12 2021]
rule combine_end_segment:
    input: temp_remove_indices_chr_1, temp_remove_indices_chr_2, temp_remove_indices_chr_3, temp_remove_indices_chr_4, temp_remove_indices_chr_5, temp_remove_indices_chr_6, temp_remove_indices_chr_7, temp_remove_indices_chr_8, temp_remove_indices_chr_9, temp_remove_indices_chr_10, temp_remove_indices_chr_11, temp_remove_indices_chr_12, temp_remove_indices_chr_13, temp_remove_indices_chr_14, temp_remove_indices_chr_15, temp_remove_indices_chr_16, temp_remove_indices_chr_17, temp_remove_indices_chr_18, temp_remove_indices_chr_19, temp_remove_indices_chr_20, temp_remove_indices_chr_21, temp_remove_indices_chr_22, temp_remove_indices_chr_X, temp_remove_indices_chr_Y, temp_remove_indices_chr_M, temp_raw_end_chr_1, temp_raw_end_chr_2, temp_raw_end_chr_3, temp_raw_end_chr_4, temp_raw_end_chr_5, temp_raw_end_chr_6, temp_raw_end_chr_7, temp_raw_end_chr_8, temp_raw_end_chr_9, temp_raw_end_chr_10, temp_raw_end_chr_11, temp_raw_end_chr_12, temp_raw_end_chr_13, temp_raw_end_chr_14, temp_raw_end_chr_15, temp_raw_end_chr_16, temp_raw_end_chr_17, temp_raw_end_chr_18, temp_raw_end_chr_19, temp_raw_end_chr_20, temp_raw_end_chr_21, temp_raw_end_chr_22, temp_raw_end_chr_X, temp_raw_end_chr_Y, temp_raw_end_chr_M
    output: ../../../ROADMAP_aligned_reads/chromHMM_model/model_100_state/mm10_segmentations/Mm10_100_no_overlap_from_hg19.bed.gz
    jobid: 1

Removing temporary output file temp_remove_indices_chr_8.
Removing temporary output file temp_remove_indices_chr_Y.
Removing temporary output file temp_remove_indices_chr_18.
Removing temporary output file temp_raw_end_chr_12.
Removing temporary output file temp_raw_end_chr_2.
Removing temporary output file temp_raw_end_chr_1.
Removing temporary output file temp_raw_end_chr_17.
Removing temporary output file temp_remove_indices_chr_15.
Removing temporary output file temp_remove_indices_chr_3.
Removing temporary output file temp_raw_end_chr_4.
Removing temporary output file temp_raw_end_chr_11.
Removing temporary output file temp_raw_end_chr_16.
Removing temporary output file temp_remove_indices_chr_4.
Removing temporary output file temp_raw_end_chr_20.
Removing temporary output file temp_remove_indices_chr_6.
Removing temporary output file temp_raw_end_chr_5.
Removing temporary output file temp_raw_end_chr_18.
Removing temporary output file temp_raw_end_chr_Y.
Removing temporary output file temp_raw_end_chr_10.
Removing temporary output file temp_raw_end_chr_19.
Removing temporary output file temp_raw_end_chr_7.
Removing temporary output file temp_remove_indices_chr_14.
Removing temporary output file temp_remove_indices_chr_16.
Removing temporary output file temp_remove_indices_chr_17.
Removing temporary output file temp_remove_indices_chr_21.
Removing temporary output file temp_remove_indices_chr_11.
Removing temporary output file temp_raw_end_chr_9.
Removing temporary output file temp_remove_indices_chr_X.
Removing temporary output file temp_raw_end_chr_15.
Removing temporary output file temp_raw_end_chr_6.
Removing temporary output file temp_remove_indices_chr_5.
Removing temporary output file temp_remove_indices_chr_7.
Removing temporary output file temp_remove_indices_chr_9.
Removing temporary output file temp_remove_indices_chr_10.
Removing temporary output file temp_raw_end_chr_M.
Removing temporary output file temp_remove_indices_chr_1.
Removing temporary output file temp_remove_indices_chr_13.
Removing temporary output file temp_remove_indices_chr_22.
Removing temporary output file temp_raw_end_chr_8.
Removing temporary output file temp_remove_indices_chr_20.
Removing temporary output file temp_raw_end_chr_X.
Removing temporary output file temp_remove_indices_chr_2.
Removing temporary output file temp_raw_end_chr_13.
Removing temporary output file temp_raw_end_chr_22.
Removing temporary output file temp_remove_indices_chr_12.
Removing temporary output file temp_raw_end_chr_14.
Removing temporary output file temp_raw_end_chr_21.
Removing temporary output file temp_remove_indices_chr_M.
Removing temporary output file temp_raw_end_chr_3.
Removing temporary output file temp_remove_indices_chr_19.
[Fri Apr  2 14:44:16 2021]
Finished job 1.
1 of 2 steps (50%) done

[Fri Apr  2 14:44:16 2021]
localrule all:
    input: ../../../ROADMAP_aligned_reads/chromHMM_model/model_100_state/mm10_segmentations/Mm10_100_no_overlap_from_hg19.bed.gz
    jobid: 0

[Fri Apr  2 14:44:16 2021]
Finished job 0.
2 of 2 steps (100%) done
Complete log: /u/project/ernst/havu73/source/chromHMM_utilities/liftOver/.snakemake/log/2021-04-02T144411.924836.snakemake.log
