Building DAG of jobs...
File path ../../..//ROADMAP_aligned_reads/chromHMM_model/model_100_state/mm10_segmentations/mm10_100_no_overlap_from_hg19.bed.gz contains double '/'. This is likely unintended. It can also lead to inconsistent results of the file-matching approach used by Snakemake.
File path ../../..//ROADMAP_aligned_reads/chromHMM_model/model_100_state/mm10_segmentations/mm10_100_no_overlap_from_hg19.bed.gz contains double '/'. This is likely unintended. It can also lead to inconsistent results of the file-matching approach used by Snakemake.
File path ../../..//ROADMAP_aligned_reads/chromHMM_model/model_100_state/mm10_segmentations/mm10_100_raw_segments.bed.gz contains double '/'. This is likely unintended. It can also lead to inconsistent results of the file-matching approach used by Snakemake.
File path ../../..//ROADMAP_aligned_reads/chromHMM_model/model_100_state/hg19_segmentations/genome_100_200bp_ordered.bed.gz contains double '/'. This is likely unintended. It can also lead to inconsistent results of the file-matching approach used by Snakemake.
File path ../../..//ROADMAP_aligned_reads/chromHMM_model/model_100_state/mm10_segmentations/mm10_100_raw_segments.bed.gz contains double '/'. This is likely unintended. It can also lead to inconsistent results of the file-matching approach used by Snakemake.
File path ../../..//ROADMAP_aligned_reads/chromHMM_model/model_100_state/hg19_segmentations/genome_100_segments.bed.gz contains double '/'. This is likely unintended. It can also lead to inconsistent results of the file-matching approach used by Snakemake.
File path ../../..//ROADMAP_aligned_reads/chromHMM_model/model_100_state/hg19_segmentations/genome_100_200bp_ordered.bed.gz contains double '/'. This is likely unintended. It can also lead to inconsistent results of the file-matching approach used by Snakemake.
File path ../../..//ROADMAP_aligned_reads/chromHMM_model/model_100_state/mm10_segmentations/mm10_100_raw_segments.bed.gz contains double '/'. This is likely unintended. It can also lead to inconsistent results of the file-matching approach used by Snakemake.
File path ../../..//ROADMAP_aligned_reads/chromHMM_model/model_100_state/mm10_segmentations/mm10_100_raw_segments.bed.gz contains double '/'. This is likely unintended. It can also lead to inconsistent results of the file-matching approach used by Snakemake.
File path ../../..//ROADMAP_aligned_reads/chromHMM_model/model_100_state/mm10_segmentations/mm10_100_raw_segments.bed.gz contains double '/'. This is likely unintended. It can also lead to inconsistent results of the file-matching approach used by Snakemake.
File path ../../..//ROADMAP_aligned_reads/chromHMM_model/model_100_state/mm10_segmentations/mm10_100_raw_segments.bed.gz contains double '/'. This is likely unintended. It can also lead to inconsistent results of the file-matching approach used by Snakemake.
File path ../../..//ROADMAP_aligned_reads/chromHMM_model/model_100_state/mm10_segmentations/mm10_100_raw_segments.bed.gz contains double '/'. This is likely unintended. It can also lead to inconsistent results of the file-matching approach used by Snakemake.
File path ../../..//ROADMAP_aligned_reads/chromHMM_model/model_100_state/mm10_segmentations/mm10_100_raw_segments.bed.gz contains double '/'. This is likely unintended. It can also lead to inconsistent results of the file-matching approach used by Snakemake.
File path ../../..//ROADMAP_aligned_reads/chromHMM_model/model_100_state/mm10_segmentations/mm10_100_raw_segments.bed.gz contains double '/'. This is likely unintended. It can also lead to inconsistent results of the file-matching approach used by Snakemake.
File path ../../..//ROADMAP_aligned_reads/chromHMM_model/model_100_state/mm10_segmentations/mm10_100_raw_segments.bed.gz contains double '/'. This is likely unintended. It can also lead to inconsistent results of the file-matching approach used by Snakemake.
File path ../../..//ROADMAP_aligned_reads/chromHMM_model/model_100_state/mm10_segmentations/mm10_100_raw_segments.bed.gz contains double '/'. This is likely unintended. It can also lead to inconsistent results of the file-matching approach used by Snakemake.
File path ../../..//ROADMAP_aligned_reads/chromHMM_model/model_100_state/mm10_segmentations/mm10_100_raw_segments.bed.gz contains double '/'. This is likely unintended. It can also lead to inconsistent results of the file-matching approach used by Snakemake.
File path ../../..//ROADMAP_aligned_reads/chromHMM_model/model_100_state/mm10_segmentations/mm10_100_raw_segments.bed.gz contains double '/'. This is likely unintended. It can also lead to inconsistent results of the file-matching approach used by Snakemake.
File path ../../..//ROADMAP_aligned_reads/chromHMM_model/model_100_state/mm10_segmentations/mm10_100_raw_segments.bed.gz contains double '/'. This is likely unintended. It can also lead to inconsistent results of the file-matching approach used by Snakemake.
File path ../../..//ROADMAP_aligned_reads/chromHMM_model/model_100_state/mm10_segmentations/mm10_100_raw_segments.bed.gz contains double '/'. This is likely unintended. It can also lead to inconsistent results of the file-matching approach used by Snakemake.
File path ../../..//ROADMAP_aligned_reads/chromHMM_model/model_100_state/mm10_segmentations/mm10_100_raw_segments.bed.gz contains double '/'. This is likely unintended. It can also lead to inconsistent results of the file-matching approach used by Snakemake.
File path ../../..//ROADMAP_aligned_reads/chromHMM_model/model_100_state/mm10_segmentations/mm10_100_raw_segments.bed.gz contains double '/'. This is likely unintended. It can also lead to inconsistent results of the file-matching approach used by Snakemake.
File path ../../..//ROADMAP_aligned_reads/chromHMM_model/model_100_state/mm10_segmentations/mm10_100_raw_segments.bed.gz contains double '/'. This is likely unintended. It can also lead to inconsistent results of the file-matching approach used by Snakemake.
File path ../../..//ROADMAP_aligned_reads/chromHMM_model/model_100_state/mm10_segmentations/mm10_100_raw_segments.bed.gz contains double '/'. This is likely unintended. It can also lead to inconsistent results of the file-matching approach used by Snakemake.
File path ../../..//ROADMAP_aligned_reads/chromHMM_model/model_100_state/mm10_segmentations/mm10_100_raw_segments.bed.gz contains double '/'. This is likely unintended. It can also lead to inconsistent results of the file-matching approach used by Snakemake.
File path ../../..//ROADMAP_aligned_reads/chromHMM_model/model_100_state/mm10_segmentations/mm10_100_raw_segments.bed.gz contains double '/'. This is likely unintended. It can also lead to inconsistent results of the file-matching approach used by Snakemake.
File path ../../..//ROADMAP_aligned_reads/chromHMM_model/model_100_state/mm10_segmentations/mm10_100_raw_segments.bed.gz contains double '/'. This is likely unintended. It can also lead to inconsistent results of the file-matching approach used by Snakemake.
File path ../../..//ROADMAP_aligned_reads/chromHMM_model/model_100_state/mm10_segmentations/mm10_100_raw_segments.bed.gz contains double '/'. This is likely unintended. It can also lead to inconsistent results of the file-matching approach used by Snakemake.
File path ../../..//ROADMAP_aligned_reads/chromHMM_model/model_100_state/mm10_segmentations/mm10_100_raw_segments.bed.gz contains double '/'. This is likely unintended. It can also lead to inconsistent results of the file-matching approach used by Snakemake.
File path ../../..//ROADMAP_aligned_reads/chromHMM_model/model_100_state/mm10_segmentations/mm10_100_raw_segments.bed.gz contains double '/'. This is likely unintended. It can also lead to inconsistent results of the file-matching approach used by Snakemake.
File path ../../..//ROADMAP_aligned_reads/chromHMM_model/model_100_state/mm10_segmentations/mm10_100_raw_segments.bed.gz contains double '/'. This is likely unintended. It can also lead to inconsistent results of the file-matching approach used by Snakemake.
Using shell: /bin/bash
Provided cores: 1
Rules claiming more threads will be scaled down.
Job counts:
	count	jobs
	1	all
	1	combine_end_segment
	1	liftOver
	25	organize_one_chrom_end_raw
	25	rid_overlapping_from_raw
	53

[Thu Apr  1 21:20:20 2021]
rule liftOver:
    input: ../../..//ROADMAP_aligned_reads/chromHMM_model/model_100_state/hg19_segmentations/genome_100_200bp_ordered.bed.gz
    output: ../../..//ROADMAP_aligned_reads/chromHMM_model/model_100_state/mm10_segmentations/mm10_100_raw_segments.bed.gz
    jobid: 52

[Thu Apr  1 21:20:20 2021]
Error in rule liftOver:
    jobid: 52
    output: ../../..//ROADMAP_aligned_reads/chromHMM_model/model_100_state/mm10_segmentations/mm10_100_raw_segments.bed.gz

RuleException:
CalledProcessError in line 37 of /u/project/ernst/havu73/source/chromHMM_utilities/liftOver/Snakefile:
Command ' set -euo pipefail;  
		/liftOver ../../..//ROADMAP_aligned_reads/chromHMM_model/model_100_state/hg19_segmentations/genome_100_200bp_ordered.bed.gz hg19Tomm10.over.chain.gz ../../..//ROADMAP_aligned_reads/chromHMM_model/model_100_state/mm10_segmentations/mm10_100_raw_segments.bed ../../..//ROADMAP_aligned_reads/chromHMM_model/model_100_state/mm10_segmentations/unmapped_hg19_to_m
		gzip ../../..//ROADMAP_aligned_reads/chromHMM_model/model_100_state/mm10_segmentations/mm10_100_raw_segments.bed
		gzip ../../..//ROADMAP_aligned_reads/chromHMM_model/model_100_state/mm10_segmentations/unmapped_hg19_to_m ' returned non-zero exit status 1.
  File "/u/project/ernst/havu73/source/chromHMM_utilities/liftOver/Snakefile", line 37, in __rule_liftOver
  File "/u/home/h/havu73/project-ernst/anaconda/envs/zane_env/lib/python3.6/concurrent/futures/thread.py", line 56, in run
Shutting down, this might take some time.
Exiting because a job execution failed. Look above for error message
Complete log: /u/project/ernst/havu73/source/chromHMM_utilities/liftOver/.snakemake/log/2021-04-01T212019.337653.snakemake.log
