Building DAG of jobs...
Using shell: /bin/bash
Provided cores: 1
Rules claiming more threads will be scaled down.
Job counts:
	count	jobs
	1	all
	1	combine_end_segment
	1	liftOver
	25	organize_one_chrom_end_raw
	25	rid_overlapping_from_raw
	53

[Thu Apr  1 21:21:54 2021]
rule liftOver:
    input: ../../../ROADMAP_aligned_reads/chromHMM_model/model_100_state/hg19_segmentations/genome_100_200bp_ordered.bed.gz
    output: ../../../ROADMAP_aligned_reads/chromHMM_model/model_100_state/mm10_segmentations/Mm10_100_raw_segments.bed.gz
    jobid: 52

[Fri Apr  2 06:17:14 2021]
Finished job 52.
1 of 53 steps (2%) done

[Fri Apr  2 06:17:14 2021]
rule organize_one_chrom_end_raw:
    input: ../../../ROADMAP_aligned_reads/chromHMM_model/model_100_state/mm10_segmentations/Mm10_100_raw_segments.bed.gz
    output: temp_raw_end_chr5
    jobid: 51
    wildcards: chrom=5

[Fri Apr  2 06:17:14 2021]
Error in rule organize_one_chrom_end_raw:
    jobid: 51
    output: temp_raw_end_chr5

RuleException:
CalledProcessError in line 51 of /u/project/ernst/havu73/source/chromHMM_utilities/liftOver/Snakefile:
Command ' set -euo pipefail;  
		zcat ../../../ROADMAP_aligned_reads/chromHMM_model/model_100_state/mm10_segmentations/Mm10_100_raw_segments.bed.gz | awk -F'	' -v c="chr5" '{if ($1 == c) print $0}' | sort -n2k > temp_raw_end_chr5 ' returned non-zero exit status 2.
  File "/u/project/ernst/havu73/source/chromHMM_utilities/liftOver/Snakefile", line 51, in __rule_organize_one_chrom_end_raw
  File "/u/home/h/havu73/project-ernst/anaconda/envs/zane_env/lib/python3.6/concurrent/futures/thread.py", line 56, in run
Removing output files of failed job organize_one_chrom_end_raw since they might be corrupted:
temp_raw_end_chr5
Shutting down, this might take some time.
Exiting because a job execution failed. Look above for error message
Complete log: /u/project/ernst/havu73/source/chromHMM_utilities/liftOver/.snakemake/log/2021-04-01T212154.504569.snakemake.log
