Building DAG of jobs...
Using shell: /bin/bash
Provided cores: 1
Rules claiming more threads will be scaled down.
Job counts:
	count	jobs
	1	all
	1	combine_end_segment
	2

[Fri Apr  2 14:28:50 2021]
rule combine_end_segment:
    input: temp_remove_indices_chr_1.gz, temp_remove_indices_chr_2.gz, temp_remove_indices_chr_3.gz, temp_remove_indices_chr_4.gz, temp_remove_indices_chr_5.gz, temp_remove_indices_chr_6.gz, temp_remove_indices_chr_7.gz, temp_remove_indices_chr_8.gz, temp_remove_indices_chr_9.gz, temp_remove_indices_chr_10.gz, temp_remove_indices_chr_11.gz, temp_remove_indices_chr_12.gz, temp_remove_indices_chr_13.gz, temp_remove_indices_chr_14.gz, temp_remove_indices_chr_15.gz, temp_remove_indices_chr_16.gz, temp_remove_indices_chr_17.gz, temp_remove_indices_chr_18.gz, temp_remove_indices_chr_19.gz, temp_remove_indices_chr_20.gz, temp_remove_indices_chr_21.gz, temp_remove_indices_chr_22.gz, temp_remove_indices_chr_X.gz, temp_remove_indices_chr_Y.gz, temp_remove_indices_chr_M.gz, temp_raw_end_chr_1.gz, temp_raw_end_chr_2.gz, temp_raw_end_chr_3.gz, temp_raw_end_chr_4.gz, temp_raw_end_chr_5.gz, temp_raw_end_chr_6.gz, temp_raw_end_chr_7.gz, temp_raw_end_chr_8.gz, temp_raw_end_chr_9.gz, temp_raw_end_chr_10.gz, temp_raw_end_chr_11.gz, temp_raw_end_chr_12.gz, temp_raw_end_chr_13.gz, temp_raw_end_chr_14.gz, temp_raw_end_chr_15.gz, temp_raw_end_chr_16.gz, temp_raw_end_chr_17.gz, temp_raw_end_chr_18.gz, temp_raw_end_chr_19.gz, temp_raw_end_chr_20.gz, temp_raw_end_chr_21.gz, temp_raw_end_chr_22.gz, temp_raw_end_chr_X.gz, temp_raw_end_chr_Y.gz, temp_raw_end_chr_M.gz
    output: ../../../ROADMAP_aligned_reads/chromHMM_model/model_100_state/mm10_segmentations/Mm10_100_no_overlap_from_hg19.bed.gz
    jobid: 1

Removing temporary output file temp_remove_indices_chr_2.gz.
Removing temporary output file temp_remove_indices_chr_22.gz.
Removing temporary output file temp_raw_end_chr_3.gz.
Removing temporary output file temp_remove_indices_chr_Y.gz.
Removing temporary output file temp_remove_indices_chr_6.gz.
Removing temporary output file temp_raw_end_chr_6.gz.
Removing temporary output file temp_raw_end_chr_21.gz.
Removing temporary output file temp_remove_indices_chr_1.gz.
Removing temporary output file temp_remove_indices_chr_13.gz.
Removing temporary output file temp_remove_indices_chr_12.gz.
Removing temporary output file temp_remove_indices_chr_21.gz.
Removing temporary output file temp_raw_end_chr_14.gz.
Removing temporary output file temp_raw_end_chr_M.gz.
Removing temporary output file temp_remove_indices_chr_M.gz.
Removing temporary output file temp_remove_indices_chr_8.gz.
Removing temporary output file temp_remove_indices_chr_14.gz.
Removing temporary output file temp_raw_end_chr_16.gz.
Removing temporary output file temp_remove_indices_chr_11.gz.
Removing temporary output file temp_raw_end_chr_11.gz.
Removing temporary output file temp_remove_indices_chr_5.gz.
Removing temporary output file temp_raw_end_chr_X.gz.
Removing temporary output file temp_raw_end_chr_10.gz.
Removing temporary output file temp_remove_indices_chr_3.gz.
Removing temporary output file temp_raw_end_chr_12.gz.
Removing temporary output file temp_raw_end_chr_17.gz.
Removing temporary output file temp_raw_end_chr_9.gz.
Removing temporary output file temp_raw_end_chr_4.gz.
Removing temporary output file temp_remove_indices_chr_17.gz.
Removing temporary output file temp_raw_end_chr_19.gz.
Removing temporary output file temp_remove_indices_chr_X.gz.
Removing temporary output file temp_raw_end_chr_2.gz.
Removing temporary output file temp_raw_end_chr_5.gz.
Removing temporary output file temp_raw_end_chr_18.gz.
Removing temporary output file temp_raw_end_chr_20.gz.
Removing temporary output file temp_remove_indices_chr_15.gz.
Removing temporary output file temp_remove_indices_chr_20.gz.
Removing temporary output file temp_raw_end_chr_13.gz.
Removing temporary output file temp_raw_end_chr_8.gz.
Removing temporary output file temp_raw_end_chr_1.gz.
Removing temporary output file temp_raw_end_chr_15.gz.
Removing temporary output file temp_remove_indices_chr_9.gz.
Removing temporary output file temp_remove_indices_chr_4.gz.
Removing temporary output file temp_remove_indices_chr_7.gz.
Removing temporary output file temp_remove_indices_chr_10.gz.
Removing temporary output file temp_remove_indices_chr_19.gz.
Removing temporary output file temp_raw_end_chr_Y.gz.
Removing temporary output file temp_remove_indices_chr_18.gz.
Removing temporary output file temp_remove_indices_chr_16.gz.
Removing temporary output file temp_raw_end_chr_7.gz.
Removing temporary output file temp_raw_end_chr_22.gz.
[Fri Apr  2 14:28:51 2021]
Finished job 1.
1 of 2 steps (50%) done

[Fri Apr  2 14:28:51 2021]
localrule all:
    input: ../../../ROADMAP_aligned_reads/chromHMM_model/model_100_state/mm10_segmentations/Mm10_100_no_overlap_from_hg19.bed.gz
    jobid: 0

[Fri Apr  2 14:28:51 2021]
Finished job 0.
2 of 2 steps (100%) done
Complete log: /u/project/ernst/havu73/source/chromHMM_utilities/liftOver/.snakemake/log/2021-04-02T142849.401284.snakemake.log
