Building DAG of jobs...
Using shell: /bin/bash
Provided cores: 1
Rules claiming more threads will be scaled down.
Job counts:
	count	jobs
	1	all
	3	prepare_summary_table_for_publication
	4

[Sat Jul 24 11:54:06 2021]
rule prepare_summary_table_for_publication:
    input: ../../ROADMAP_aligned_reads/chromHMM_model/model_100_state/gene_ontology_analysis/GREAT/combined_all_states/GO_BP/DNase_topGO.txt.gz, ../../ROADMAP_aligned_reads/chromHMM_model/model_100_state/gene_ontology_analysis/GREAT/combined_all_states/GO_BP/HET_topGO.txt.gz, ../../ROADMAP_aligned_reads/chromHMM_model/model_100_state/gene_ontology_analysis/GREAT/combined_all_states/GO_BP/TSS_topGO.txt.gz, ../../ROADMAP_aligned_reads/chromHMM_model/model_100_state/gene_ontology_analysis/GREAT/combined_all_states/GO_BP/acetylations_topGO.txt.gz, ../../ROADMAP_aligned_reads/chromHMM_model/model_100_state/gene_ontology_analysis/GREAT/combined_all_states/GO_BP/enhancers_topGO.txt.gz, ../../ROADMAP_aligned_reads/chromHMM_model/model_100_state/gene_ontology_analysis/GREAT/combined_all_states/GO_BP/exon_topGO.txt.gz, ../../ROADMAP_aligned_reads/chromHMM_model/model_100_state/gene_ontology_analysis/GREAT/combined_all_states/GO_BP/others_topGO.txt.gz, ../../ROADMAP_aligned_reads/chromHMM_model/model_100_state/gene_ontology_analysis/GREAT/combined_all_states/GO_BP/polycomb_repressed_topGO.txt.gz, ../../ROADMAP_aligned_reads/chromHMM_model/model_100_state/gene_ontology_analysis/GREAT/combined_all_states/GO_BP/promoters_topGO.txt.gz, ../../ROADMAP_aligned_reads/chromHMM_model/model_100_state/gene_ontology_analysis/GREAT/combined_all_states/GO_BP/quescient_topGO.txt.gz, ../../ROADMAP_aligned_reads/chromHMM_model/model_100_state/gene_ontology_analysis/GREAT/combined_all_states/GO_BP/transcribed_and_enhancer_topGO.txt.gz, ../../ROADMAP_aligned_reads/chromHMM_model/model_100_state/gene_ontology_analysis/GREAT/combined_all_states/GO_BP/transcription_topGO.txt.gz, ../../ROADMAP_aligned_reads/chromHMM_model/model_100_state/gene_ontology_analysis/GREAT/combined_all_states/GO_BP/weak_enhancers_topGO.txt.gz, ../../ROADMAP_aligned_reads/chromHMM_model/model_100_state/gene_ontology_analysis/GREAT/combined_all_states/GO_BP/weak_promoters_topGO.txt.gz, ../../ROADMAP_aligned_reads/chromHMM_model/model_100_state/gene_ontology_analysis/GREAT/combined_all_states/GO_BP/weak_transcription_topGO.txt.gz, ../../ROADMAP_aligned_reads/chromHMM_model/model_100_state/gene_ontology_analysis/GREAT/combined_all_states/GO_BP/znf_topGO.txt.gz
    output: ../../ROADMAP_aligned_reads/chromHMM_model/model_100_state/gene_ontology_analysis/GREAT/combined_all_states/tables_for_publication/state_characterization_GO_BP.csv.gz
    jobid: 2
    wildcards: go_type=GO_BP

[Sat Jul 24 11:54:07 2021]
Finished job 2.
1 of 4 steps (25%) done

[Sat Jul 24 11:54:07 2021]
rule prepare_summary_table_for_publication:
    input: ../../ROADMAP_aligned_reads/chromHMM_model/model_100_state/gene_ontology_analysis/GREAT/combined_all_states/GO_CC/DNase_topGO.txt.gz, ../../ROADMAP_aligned_reads/chromHMM_model/model_100_state/gene_ontology_analysis/GREAT/combined_all_states/GO_CC/HET_topGO.txt.gz, ../../ROADMAP_aligned_reads/chromHMM_model/model_100_state/gene_ontology_analysis/GREAT/combined_all_states/GO_CC/TSS_topGO.txt.gz, ../../ROADMAP_aligned_reads/chromHMM_model/model_100_state/gene_ontology_analysis/GREAT/combined_all_states/GO_CC/acetylations_topGO.txt.gz, ../../ROADMAP_aligned_reads/chromHMM_model/model_100_state/gene_ontology_analysis/GREAT/combined_all_states/GO_CC/enhancers_topGO.txt.gz, ../../ROADMAP_aligned_reads/chromHMM_model/model_100_state/gene_ontology_analysis/GREAT/combined_all_states/GO_CC/exon_topGO.txt.gz, ../../ROADMAP_aligned_reads/chromHMM_model/model_100_state/gene_ontology_analysis/GREAT/combined_all_states/GO_CC/others_topGO.txt.gz, ../../ROADMAP_aligned_reads/chromHMM_model/model_100_state/gene_ontology_analysis/GREAT/combined_all_states/GO_CC/polycomb_repressed_topGO.txt.gz, ../../ROADMAP_aligned_reads/chromHMM_model/model_100_state/gene_ontology_analysis/GREAT/combined_all_states/GO_CC/promoters_topGO.txt.gz, ../../ROADMAP_aligned_reads/chromHMM_model/model_100_state/gene_ontology_analysis/GREAT/combined_all_states/GO_CC/quescient_topGO.txt.gz, ../../ROADMAP_aligned_reads/chromHMM_model/model_100_state/gene_ontology_analysis/GREAT/combined_all_states/GO_CC/transcribed_and_enhancer_topGO.txt.gz, ../../ROADMAP_aligned_reads/chromHMM_model/model_100_state/gene_ontology_analysis/GREAT/combined_all_states/GO_CC/transcription_topGO.txt.gz, ../../ROADMAP_aligned_reads/chromHMM_model/model_100_state/gene_ontology_analysis/GREAT/combined_all_states/GO_CC/weak_enhancers_topGO.txt.gz, ../../ROADMAP_aligned_reads/chromHMM_model/model_100_state/gene_ontology_analysis/GREAT/combined_all_states/GO_CC/weak_promoters_topGO.txt.gz, ../../ROADMAP_aligned_reads/chromHMM_model/model_100_state/gene_ontology_analysis/GREAT/combined_all_states/GO_CC/weak_transcription_topGO.txt.gz, ../../ROADMAP_aligned_reads/chromHMM_model/model_100_state/gene_ontology_analysis/GREAT/combined_all_states/GO_CC/znf_topGO.txt.gz
    output: ../../ROADMAP_aligned_reads/chromHMM_model/model_100_state/gene_ontology_analysis/GREAT/combined_all_states/tables_for_publication/state_characterization_GO_CC.csv.gz
    jobid: 1
    wildcards: go_type=GO_CC

[Sat Jul 24 11:54:08 2021]
Finished job 1.
2 of 4 steps (50%) done

[Sat Jul 24 11:54:08 2021]
rule prepare_summary_table_for_publication:
    input: ../../ROADMAP_aligned_reads/chromHMM_model/model_100_state/gene_ontology_analysis/GREAT/combined_all_states/GO_MF/DNase_topGO.txt.gz, ../../ROADMAP_aligned_reads/chromHMM_model/model_100_state/gene_ontology_analysis/GREAT/combined_all_states/GO_MF/HET_topGO.txt.gz, ../../ROADMAP_aligned_reads/chromHMM_model/model_100_state/gene_ontology_analysis/GREAT/combined_all_states/GO_MF/TSS_topGO.txt.gz, ../../ROADMAP_aligned_reads/chromHMM_model/model_100_state/gene_ontology_analysis/GREAT/combined_all_states/GO_MF/acetylations_topGO.txt.gz, ../../ROADMAP_aligned_reads/chromHMM_model/model_100_state/gene_ontology_analysis/GREAT/combined_all_states/GO_MF/enhancers_topGO.txt.gz, ../../ROADMAP_aligned_reads/chromHMM_model/model_100_state/gene_ontology_analysis/GREAT/combined_all_states/GO_MF/exon_topGO.txt.gz, ../../ROADMAP_aligned_reads/chromHMM_model/model_100_state/gene_ontology_analysis/GREAT/combined_all_states/GO_MF/others_topGO.txt.gz, ../../ROADMAP_aligned_reads/chromHMM_model/model_100_state/gene_ontology_analysis/GREAT/combined_all_states/GO_MF/polycomb_repressed_topGO.txt.gz, ../../ROADMAP_aligned_reads/chromHMM_model/model_100_state/gene_ontology_analysis/GREAT/combined_all_states/GO_MF/promoters_topGO.txt.gz, ../../ROADMAP_aligned_reads/chromHMM_model/model_100_state/gene_ontology_analysis/GREAT/combined_all_states/GO_MF/quescient_topGO.txt.gz, ../../ROADMAP_aligned_reads/chromHMM_model/model_100_state/gene_ontology_analysis/GREAT/combined_all_states/GO_MF/transcribed_and_enhancer_topGO.txt.gz, ../../ROADMAP_aligned_reads/chromHMM_model/model_100_state/gene_ontology_analysis/GREAT/combined_all_states/GO_MF/transcription_topGO.txt.gz, ../../ROADMAP_aligned_reads/chromHMM_model/model_100_state/gene_ontology_analysis/GREAT/combined_all_states/GO_MF/weak_enhancers_topGO.txt.gz, ../../ROADMAP_aligned_reads/chromHMM_model/model_100_state/gene_ontology_analysis/GREAT/combined_all_states/GO_MF/weak_promoters_topGO.txt.gz, ../../ROADMAP_aligned_reads/chromHMM_model/model_100_state/gene_ontology_analysis/GREAT/combined_all_states/GO_MF/weak_transcription_topGO.txt.gz, ../../ROADMAP_aligned_reads/chromHMM_model/model_100_state/gene_ontology_analysis/GREAT/combined_all_states/GO_MF/znf_topGO.txt.gz
    output: ../../ROADMAP_aligned_reads/chromHMM_model/model_100_state/gene_ontology_analysis/GREAT/combined_all_states/tables_for_publication/state_characterization_GO_MF.csv.gz
    jobid: 3
    wildcards: go_type=GO_MF

[Sat Jul 24 11:54:09 2021]
Finished job 3.
3 of 4 steps (75%) done

[Sat Jul 24 11:54:09 2021]
localrule all:
    input: ../../ROADMAP_aligned_reads/chromHMM_model/model_100_state/gene_ontology_analysis/GREAT/combined_all_states/tables_for_publication/state_characterization_GO_BP.csv.gz, ../../ROADMAP_aligned_reads/chromHMM_model/model_100_state/gene_ontology_analysis/GREAT/combined_all_states/tables_for_publication/state_characterization_GO_CC.csv.gz, ../../ROADMAP_aligned_reads/chromHMM_model/model_100_state/gene_ontology_analysis/GREAT/combined_all_states/tables_for_publication/state_characterization_GO_MF.csv.gz
    jobid: 0

[Sat Jul 24 11:54:09 2021]
Finished job 0.
4 of 4 steps (100%) done
Complete log: /u/project/ernst/havu73/source/gene_ontology_analysis/.snakemake/log/2021-07-24T115404.847011.snakemake.log
