Building DAG of jobs...
Using shell: /bin/bash
Provided cores: 1
Rules claiming more threads will be scaled down.
Job counts:
	count	jobs
	1	all
	1	count_sample_region_per_state
	2

[Thu Apr 22 15:34:55 2021]
rule count_sample_region_per_state:
    input: ../../../ROADMAP_aligned_reads/chromHMM_model/model_100_state/enrichment_151825_roadmap_chromState/sample_segment_overlap_25state/sample_segment_fullStack_ct25State.bed.gz
    output: ../../../ROADMAP_aligned_reads/chromHMM_model/model_100_state/enrichment_151825_roadmap_chromState/sample_segment_overlap_25state/sample_state_sorted_by_ct.txt.gz, ../../../ROADMAP_aligned_reads/chromHMM_model/model_100_state/enrichment_151825_roadmap_chromState/sample_segment_overlap_25state/sample_state_sorted_by_group.txt.gz
    jobid: 1

[Thu Apr 22 15:40:25 2021]
Error in rule count_sample_region_per_state:
    jobid: 1
    output: ../../../ROADMAP_aligned_reads/chromHMM_model/model_100_state/enrichment_151825_roadmap_chromState/sample_segment_overlap_25state/sample_state_sorted_by_ct.txt.gz, ../../../ROADMAP_aligned_reads/chromHMM_model/model_100_state/enrichment_151825_roadmap_chromState/sample_segment_overlap_25state/sample_state_sorted_by_group.txt.gz

RuleException:
CalledProcessError in line 71 of /u/project/ernst/havu73/source/25state_enrichments/random_represent_fullStack_state_with_25states/Snakefile:
Command ' set -euo pipefail;  
		python count_sample_region_per_full_stack_state.py ../../../ROADMAP_aligned_reads/chromHMM_model/model_100_state/enrichment_151825_roadmap_chromState/sample_segment_overlap_25state/sample_segment_fullStack_ct25State.bed.gz ../../../ROADMAP_aligned_reads/chromHMM_model/model_100_state/enrichment_151825_roadmap_chromState/sample_segment_overlap_25state ' returned non-zero exit status 1.
  File "/u/project/ernst/havu73/source/25state_enrichments/random_represent_fullStack_state_with_25states/Snakefile", line 71, in __rule_count_sample_region_per_state
  File "/u/home/h/havu73/project-ernst/anaconda/envs/zane_env/lib/python3.6/concurrent/futures/thread.py", line 56, in run
Removing output files of failed job count_sample_region_per_state since they might be corrupted:
../../../ROADMAP_aligned_reads/chromHMM_model/model_100_state/enrichment_151825_roadmap_chromState/sample_segment_overlap_25state/sample_state_sorted_by_ct.txt.gz
Shutting down, this might take some time.
Exiting because a job execution failed. Look above for error message
Complete log: /u/project/ernst/havu73/source/25state_enrichments/random_represent_fullStack_state_with_25states/.snakemake/log/2021-04-22T153455.122331.snakemake.log
