Building DAG of jobs...
Using shell: /bin/bash
Provided cluster nodes: 100
Job counts:
	count	jobs
	1	all
	10	count_sample_region_per_state
	11

[Tue May 18 13:35:31 2021]
rule count_sample_region_per_state:
    input: ../../../ROADMAP_aligned_reads/chromHMM_model/model_100_state/enrichment_151825_roadmap_chromState/sample_segment_overlap_25state/seed_307/sample_segment_fullStack_ct25State.bed.gz
    output: ../../../ROADMAP_aligned_reads/chromHMM_model/model_100_state/enrichment_151825_roadmap_chromState/sample_segment_overlap_25state/seed_307/sample_state_sorted_by_ct.txt.gz, ../../../ROADMAP_aligned_reads/chromHMM_model/model_100_state/enrichment_151825_roadmap_chromState/sample_segment_overlap_25state/seed_307/sample_state_sorted_by_group.txt.gz
    jobid: 2
    wildcards: seed=307

Submitted job 2 with external jobid 'Your job 7872022 ("snakejob.count_sample_region_per_state.2.sh") has been submitted'.

[Tue May 18 13:35:33 2021]
rule count_sample_region_per_state:
    input: ../../../ROADMAP_aligned_reads/chromHMM_model/model_100_state/enrichment_151825_roadmap_chromState/sample_segment_overlap_25state/seed_666/sample_segment_fullStack_ct25State.bed.gz
    output: ../../../ROADMAP_aligned_reads/chromHMM_model/model_100_state/enrichment_151825_roadmap_chromState/sample_segment_overlap_25state/seed_666/sample_state_sorted_by_ct.txt.gz, ../../../ROADMAP_aligned_reads/chromHMM_model/model_100_state/enrichment_151825_roadmap_chromState/sample_segment_overlap_25state/seed_666/sample_state_sorted_by_group.txt.gz
    jobid: 8
    wildcards: seed=666

Submitted job 8 with external jobid 'Your job 7872023 ("snakejob.count_sample_region_per_state.8.sh") has been submitted'.

[Tue May 18 13:35:35 2021]
rule count_sample_region_per_state:
    input: ../../../ROADMAP_aligned_reads/chromHMM_model/model_100_state/enrichment_151825_roadmap_chromState/sample_segment_overlap_25state/seed_347/sample_segment_fullStack_ct25State.bed.gz
    output: ../../../ROADMAP_aligned_reads/chromHMM_model/model_100_state/enrichment_151825_roadmap_chromState/sample_segment_overlap_25state/seed_347/sample_state_sorted_by_ct.txt.gz, ../../../ROADMAP_aligned_reads/chromHMM_model/model_100_state/enrichment_151825_roadmap_chromState/sample_segment_overlap_25state/seed_347/sample_state_sorted_by_group.txt.gz
    jobid: 6
    wildcards: seed=347

Submitted job 6 with external jobid 'Your job 7872024 ("snakejob.count_sample_region_per_state.6.sh") has been submitted'.

[Tue May 18 13:35:37 2021]
rule count_sample_region_per_state:
    input: ../../../ROADMAP_aligned_reads/chromHMM_model/model_100_state/enrichment_151825_roadmap_chromState/sample_segment_overlap_25state/seed_183/sample_segment_fullStack_ct25State.bed.gz
    output: ../../../ROADMAP_aligned_reads/chromHMM_model/model_100_state/enrichment_151825_roadmap_chromState/sample_segment_overlap_25state/seed_183/sample_state_sorted_by_ct.txt.gz, ../../../ROADMAP_aligned_reads/chromHMM_model/model_100_state/enrichment_151825_roadmap_chromState/sample_segment_overlap_25state/seed_183/sample_state_sorted_by_group.txt.gz
    jobid: 1
    wildcards: seed=183

Submitted job 1 with external jobid 'Your job 7872025 ("snakejob.count_sample_region_per_state.1.sh") has been submitted'.

[Tue May 18 13:35:38 2021]
rule count_sample_region_per_state:
    input: ../../../ROADMAP_aligned_reads/chromHMM_model/model_100_state/enrichment_151825_roadmap_chromState/sample_segment_overlap_25state/seed_575/sample_segment_fullStack_ct25State.bed.gz
    output: ../../../ROADMAP_aligned_reads/chromHMM_model/model_100_state/enrichment_151825_roadmap_chromState/sample_segment_overlap_25state/seed_575/sample_state_sorted_by_ct.txt.gz, ../../../ROADMAP_aligned_reads/chromHMM_model/model_100_state/enrichment_151825_roadmap_chromState/sample_segment_overlap_25state/seed_575/sample_state_sorted_by_group.txt.gz
    jobid: 3
    wildcards: seed=575

Submitted job 3 with external jobid 'Your job 7872026 ("snakejob.count_sample_region_per_state.3.sh") has been submitted'.

[Tue May 18 13:35:40 2021]
rule count_sample_region_per_state:
    input: ../../../ROADMAP_aligned_reads/chromHMM_model/model_100_state/enrichment_151825_roadmap_chromState/sample_segment_overlap_25state/seed_419/sample_segment_fullStack_ct25State.bed.gz
    output: ../../../ROADMAP_aligned_reads/chromHMM_model/model_100_state/enrichment_151825_roadmap_chromState/sample_segment_overlap_25state/seed_419/sample_state_sorted_by_ct.txt.gz, ../../../ROADMAP_aligned_reads/chromHMM_model/model_100_state/enrichment_151825_roadmap_chromState/sample_segment_overlap_25state/seed_419/sample_state_sorted_by_group.txt.gz
    jobid: 5
    wildcards: seed=419

Submitted job 5 with external jobid 'Your job 7872027 ("snakejob.count_sample_region_per_state.5.sh") has been submitted'.

[Tue May 18 13:35:42 2021]
rule count_sample_region_per_state:
    input: ../../../ROADMAP_aligned_reads/chromHMM_model/model_100_state/enrichment_151825_roadmap_chromState/sample_segment_overlap_25state/seed_496/sample_segment_fullStack_ct25State.bed.gz
    output: ../../../ROADMAP_aligned_reads/chromHMM_model/model_100_state/enrichment_151825_roadmap_chromState/sample_segment_overlap_25state/seed_496/sample_state_sorted_by_ct.txt.gz, ../../../ROADMAP_aligned_reads/chromHMM_model/model_100_state/enrichment_151825_roadmap_chromState/sample_segment_overlap_25state/seed_496/sample_state_sorted_by_group.txt.gz
    jobid: 9
    wildcards: seed=496

Submitted job 9 with external jobid 'Your job 7872029 ("snakejob.count_sample_region_per_state.9.sh") has been submitted'.

[Tue May 18 13:35:44 2021]
rule count_sample_region_per_state:
    input: ../../../ROADMAP_aligned_reads/chromHMM_model/model_100_state/enrichment_151825_roadmap_chromState/sample_segment_overlap_25state/seed_452/sample_segment_fullStack_ct25State.bed.gz
    output: ../../../ROADMAP_aligned_reads/chromHMM_model/model_100_state/enrichment_151825_roadmap_chromState/sample_segment_overlap_25state/seed_452/sample_state_sorted_by_ct.txt.gz, ../../../ROADMAP_aligned_reads/chromHMM_model/model_100_state/enrichment_151825_roadmap_chromState/sample_segment_overlap_25state/seed_452/sample_state_sorted_by_group.txt.gz
    jobid: 7
    wildcards: seed=452

Submitted job 7 with external jobid 'Your job 7872030 ("snakejob.count_sample_region_per_state.7.sh") has been submitted'.

[Tue May 18 13:35:46 2021]
rule count_sample_region_per_state:
    input: ../../../ROADMAP_aligned_reads/chromHMM_model/model_100_state/enrichment_151825_roadmap_chromState/sample_segment_overlap_25state/seed_716/sample_segment_fullStack_ct25State.bed.gz
    output: ../../../ROADMAP_aligned_reads/chromHMM_model/model_100_state/enrichment_151825_roadmap_chromState/sample_segment_overlap_25state/seed_716/sample_state_sorted_by_ct.txt.gz, ../../../ROADMAP_aligned_reads/chromHMM_model/model_100_state/enrichment_151825_roadmap_chromState/sample_segment_overlap_25state/seed_716/sample_state_sorted_by_group.txt.gz
    jobid: 10
    wildcards: seed=716

Submitted job 10 with external jobid 'Your job 7872031 ("snakejob.count_sample_region_per_state.10.sh") has been submitted'.

[Tue May 18 13:35:47 2021]
rule count_sample_region_per_state:
    input: ../../../ROADMAP_aligned_reads/chromHMM_model/model_100_state/enrichment_151825_roadmap_chromState/sample_segment_overlap_25state/seed_690/sample_segment_fullStack_ct25State.bed.gz
    output: ../../../ROADMAP_aligned_reads/chromHMM_model/model_100_state/enrichment_151825_roadmap_chromState/sample_segment_overlap_25state/seed_690/sample_state_sorted_by_ct.txt.gz, ../../../ROADMAP_aligned_reads/chromHMM_model/model_100_state/enrichment_151825_roadmap_chromState/sample_segment_overlap_25state/seed_690/sample_state_sorted_by_group.txt.gz
    jobid: 4
    wildcards: seed=690

Submitted job 4 with external jobid 'Your job 7872032 ("snakejob.count_sample_region_per_state.4.sh") has been submitted'.
[Tue May 18 13:41:00 2021]
Finished job 2.
1 of 11 steps (9%) done
[Tue May 18 13:41:00 2021]
Finished job 8.
2 of 11 steps (18%) done
[Tue May 18 13:41:00 2021]
Finished job 6.
3 of 11 steps (27%) done
[Tue May 18 13:41:00 2021]
Finished job 1.
4 of 11 steps (36%) done
[Tue May 18 13:41:00 2021]
Finished job 3.
5 of 11 steps (45%) done
[Tue May 18 13:41:00 2021]
Finished job 9.
6 of 11 steps (55%) done
[Tue May 18 13:41:00 2021]
Finished job 7.
7 of 11 steps (64%) done
[Tue May 18 13:41:00 2021]
Finished job 10.
8 of 11 steps (73%) done
[Tue May 18 13:41:00 2021]
Finished job 4.
9 of 11 steps (82%) done
[Tue May 18 13:41:31 2021]
Finished job 5.
10 of 11 steps (91%) done

[Tue May 18 13:41:31 2021]
localrule all:
    input: ../../../ROADMAP_aligned_reads/chromHMM_model/model_100_state/enrichment_151825_roadmap_chromState/sample_segment_overlap_25state/seed_690/sample_state_sorted_by_ct.txt.gz, ../../../ROADMAP_aligned_reads/chromHMM_model/model_100_state/enrichment_151825_roadmap_chromState/sample_segment_overlap_25state/seed_716/sample_state_sorted_by_ct.txt.gz, ../../../ROADMAP_aligned_reads/chromHMM_model/model_100_state/enrichment_151825_roadmap_chromState/sample_segment_overlap_25state/seed_307/sample_state_sorted_by_ct.txt.gz, ../../../ROADMAP_aligned_reads/chromHMM_model/model_100_state/enrichment_151825_roadmap_chromState/sample_segment_overlap_25state/seed_575/sample_state_sorted_by_ct.txt.gz, ../../../ROADMAP_aligned_reads/chromHMM_model/model_100_state/enrichment_151825_roadmap_chromState/sample_segment_overlap_25state/seed_347/sample_state_sorted_by_ct.txt.gz, ../../../ROADMAP_aligned_reads/chromHMM_model/model_100_state/enrichment_151825_roadmap_chromState/sample_segment_overlap_25state/seed_419/sample_state_sorted_by_ct.txt.gz, ../../../ROADMAP_aligned_reads/chromHMM_model/model_100_state/enrichment_151825_roadmap_chromState/sample_segment_overlap_25state/seed_666/sample_state_sorted_by_ct.txt.gz, ../../../ROADMAP_aligned_reads/chromHMM_model/model_100_state/enrichment_151825_roadmap_chromState/sample_segment_overlap_25state/seed_496/sample_state_sorted_by_ct.txt.gz, ../../../ROADMAP_aligned_reads/chromHMM_model/model_100_state/enrichment_151825_roadmap_chromState/sample_segment_overlap_25state/seed_183/sample_state_sorted_by_ct.txt.gz, ../../../ROADMAP_aligned_reads/chromHMM_model/model_100_state/enrichment_151825_roadmap_chromState/sample_segment_overlap_25state/seed_452/sample_state_sorted_by_ct.txt.gz, ../../../ROADMAP_aligned_reads/chromHMM_model/model_100_state/enrichment_151825_roadmap_chromState/sample_segment_overlap_25state/seed_690/sample_state_sorted_by_group.txt.gz, ../../../ROADMAP_aligned_reads/chromHMM_model/model_100_state/enrichment_151825_roadmap_chromState/sample_segment_overlap_25state/seed_716/sample_state_sorted_by_group.txt.gz, ../../../ROADMAP_aligned_reads/chromHMM_model/model_100_state/enrichment_151825_roadmap_chromState/sample_segment_overlap_25state/seed_307/sample_state_sorted_by_group.txt.gz, ../../../ROADMAP_aligned_reads/chromHMM_model/model_100_state/enrichment_151825_roadmap_chromState/sample_segment_overlap_25state/seed_575/sample_state_sorted_by_group.txt.gz, ../../../ROADMAP_aligned_reads/chromHMM_model/model_100_state/enrichment_151825_roadmap_chromState/sample_segment_overlap_25state/seed_347/sample_state_sorted_by_group.txt.gz, ../../../ROADMAP_aligned_reads/chromHMM_model/model_100_state/enrichment_151825_roadmap_chromState/sample_segment_overlap_25state/seed_419/sample_state_sorted_by_group.txt.gz, ../../../ROADMAP_aligned_reads/chromHMM_model/model_100_state/enrichment_151825_roadmap_chromState/sample_segment_overlap_25state/seed_666/sample_state_sorted_by_group.txt.gz, ../../../ROADMAP_aligned_reads/chromHMM_model/model_100_state/enrichment_151825_roadmap_chromState/sample_segment_overlap_25state/seed_496/sample_state_sorted_by_group.txt.gz, ../../../ROADMAP_aligned_reads/chromHMM_model/model_100_state/enrichment_151825_roadmap_chromState/sample_segment_overlap_25state/seed_183/sample_state_sorted_by_group.txt.gz, ../../../ROADMAP_aligned_reads/chromHMM_model/model_100_state/enrichment_151825_roadmap_chromState/sample_segment_overlap_25state/seed_452/sample_state_sorted_by_group.txt.gz
    jobid: 0

[Tue May 18 13:41:31 2021]
Finished job 0.
11 of 11 steps (100%) done
Complete log: /u/project/ernst/havu73/source/25state_enrichments/random_represent_fullStack_state_with_25states/.snakemake/log/2021-05-18T133529.979548.snakemake.log
